{"meta": {"format": 3, "version": "7.14.0", "timestamp": "2026-05-14T05:10:16.062697", "branch_coverage": false, "show_contexts": false}, "files": {"src/context_handover/__init__.py": {"executed_lines": [3, 4, 6, 7], "summary": {"covered_lines": 4, "num_statements": 4, "percent_covered": 100.0, "percent_covered_display": "100", "missing_lines": 0, "excluded_lines": 0, "percent_statements_covered": 100.0, "percent_statements_covered_display": "100"}, "missing_lines": [], "excluded_lines": [], "functions": {"": {"executed_lines": [3, 4, 6, 7], "summary": {"covered_lines": 4, "num_statements": 4, "percent_covered": 100.0, "percent_covered_display": "100", "missing_lines": 0, "excluded_lines": 0, "percent_statements_covered": 100.0, "percent_statements_covered_display": "100"}, "missing_lines": [], "excluded_lines": [], "start_line": 1}}, "classes": {"": {"executed_lines": [3, 4, 6, 7], "summary": {"covered_lines": 4, "num_statements": 4, "percent_covered": 100.0, "percent_covered_display": "100", "missing_lines": 0, "excluded_lines": 0, "percent_statements_covered": 100.0, "percent_statements_covered_display": "100"}, "missing_lines": [], "excluded_lines": [], "start_line": 1}}}, "src/context_handover/code_analysis/__init__.py": {"executed_lines": [3, 12], "summary": {"covered_lines": 2, "num_statements": 2, "percent_covered": 100.0, "percent_covered_display": "100", "missing_lines": 0, "excluded_lines": 0, "percent_statements_covered": 100.0, "percent_statements_covered_display": "100"}, "missing_lines": [], "excluded_lines": [], "functions": {"": {"executed_lines": [3, 12], "summary": {"covered_lines": 2, "num_statements": 2, "percent_covered": 100.0, "percent_covered_display": "100", "missing_lines": 0, "excluded_lines": 0, "percent_statements_covered": 100.0, "percent_statements_covered_display": "100"}, "missing_lines": [], "excluded_lines": [], "start_line": 1}}, "classes": {"": {"executed_lines": [3, 12], "summary": {"covered_lines": 2, "num_statements": 2, "percent_covered": 100.0, "percent_covered_display": "100", "missing_lines": 0, "excluded_lines": 0, "percent_statements_covered": 100.0, "percent_statements_covered_display": "100"}, "missing_lines": [], "excluded_lines": [], "start_line": 1}}}, "src/context_handover/code_analysis/code_utils.py": {"executed_lines": [1, 2, 3, 4, 5, 8, 9, 32, 33, 34, 35, 36, 37, 38, 40, 41, 42, 45, 46, 53, 54, 55, 56, 57, 58, 59, 60, 61, 63, 64, 70, 71, 72, 73, 76, 77, 78, 79, 80, 81, 83, 87, 88, 93, 97, 98, 101, 106, 109, 116, 134, 135, 136], "summary": {"covered_lines": 53, "num_statements": 95, "percent_covered": 55.78947368421053, "percent_covered_display": "56", "missing_lines": 42, "excluded_lines": 0, "percent_statements_covered": 55.78947368421053, "percent_statements_covered_display": "56"}, "missing_lines": [65, 66, 67, 68, 84, 85, 89, 90, 94, 99, 102, 103, 104, 107, 110, 111, 112, 113, 114, 117, 118, 120, 121, 122, 123, 124, 125, 126, 128, 129, 131, 141, 143, 144, 145, 147, 148, 149, 150, 151, 152, 154], "excluded_lines": [], "functions": {"SymbolNormalizer.normalize": {"executed_lines": [34, 35, 36, 37, 38], "summary": {"covered_lines": 5, "num_statements": 5, "percent_covered": 100.0, "percent_covered_display": "100", "missing_lines": 0, "excluded_lines": 0, "percent_statements_covered": 100.0, "percent_statements_covered_display": "100"}, "missing_lines": [], "excluded_lines": [], "start_line": 33}, "SymbolNormalizer.are_equivalent": {"executed_lines": [42], "summary": {"covered_lines": 1, "num_statements": 1, "percent_covered": 100.0, "percent_covered_display": "100", "missing_lines": 0, "excluded_lines": 0, "percent_statements_covered": 100.0, "percent_statements_covered_display": "100"}, "missing_lines": [], "excluded_lines": [], "start_line": 41}, "FilePathNormalizer.normalize": {"executed_lines": [55, 56, 57, 58, 59, 60, 61], "summary": {"covered_lines": 7, "num_statements": 7, "percent_covered": 100.0, "percent_covered_display": "100", "missing_lines": 0, "excluded_lines": 0, "percent_statements_covered": 100.0, "percent_statements_covered_display": "100"}, "missing_lines": [], "excluded_lines": [], "start_line": 54}, "FilePathNormalizer.extract_module": {"executed_lines": [], "summary": {"covered_lines": 0, "num_statements": 4, "percent_covered": 0.0, "percent_covered_display": "0", "missing_lines": 4, "excluded_lines": 0, "percent_statements_covered": 0.0, "percent_statements_covered_display": "0"}, "missing_lines": [65, 66, 67, 68], "excluded_lines": [], "start_line": 64}, "FilePathNormalizer.get_extension": {"executed_lines": [72, 73], "summary": {"covered_lines": 2, "num_statements": 2, "percent_covered": 100.0, "percent_covered_display": "100", "missing_lines": 0, "excluded_lines": 0, "percent_statements_covered": 100.0, "percent_statements_covered_display": "100"}, "missing_lines": [], "excluded_lines": [], "start_line": 71}, "CodeAtomMetadata.__post_init__": {"executed_lines": [], "summary": {"covered_lines": 0, "num_statements": 2, "percent_covered": 0.0, "percent_covered_display": "0", "missing_lines": 2, "excluded_lines": 0, "percent_statements_covered": 0.0, "percent_statements_covered_display": "0"}, "missing_lines": [84, 85], "excluded_lines": [], "start_line": 83}, "CodeAtomMetadata.from_text": {"executed_lines": [], "summary": {"covered_lines": 0, "num_statements": 2, "percent_covered": 0.0, "percent_covered_display": "0", "missing_lines": 2, "excluded_lines": 0, "percent_statements_covered": 0.0, "percent_statements_covered_display": "0"}, "missing_lines": [89, 90], "excluded_lines": [], "start_line": 88}, "compute_ast_hash": {"executed_lines": [], "summary": {"covered_lines": 0, "num_statements": 1, "percent_covered": 0.0, "percent_covered_display": "0", "missing_lines": 1, "excluded_lines": 0, "percent_statements_covered": 0.0, "percent_statements_covered_display": "0"}, "missing_lines": [94], "excluded_lines": [], "start_line": 93}, "DependencyResolver.__init__": {"executed_lines": [], "summary": {"covered_lines": 0, "num_statements": 1, "percent_covered": 0.0, "percent_covered_display": "0", "missing_lines": 1, "excluded_lines": 0, "percent_statements_covered": 0.0, "percent_statements_covered_display": "0"}, "missing_lines": [99], "excluded_lines": [], "start_line": 98}, "DependencyResolver.add_dependency": {"executed_lines": [], "summary": {"covered_lines": 0, "num_statements": 3, "percent_covered": 0.0, "percent_covered_display": "0", "missing_lines": 3, "excluded_lines": 0, "percent_statements_covered": 0.0, "percent_statements_covered_display": "0"}, "missing_lines": [102, 103, 104], "excluded_lines": [], "start_line": 101}, "DependencyResolver.get_dependencies": {"executed_lines": [], "summary": {"covered_lines": 0, "num_statements": 1, "percent_covered": 0.0, "percent_covered_display": "0", "missing_lines": 1, "excluded_lines": 0, "percent_statements_covered": 0.0, "percent_statements_covered_display": "0"}, "missing_lines": [107], "excluded_lines": [], "start_line": 106}, "DependencyResolver.get_dependents": {"executed_lines": [], "summary": {"covered_lines": 0, "num_statements": 5, "percent_covered": 0.0, "percent_covered_display": "0", "missing_lines": 5, "excluded_lines": 0, "percent_statements_covered": 0.0, "percent_statements_covered_display": "0"}, "missing_lines": [110, 111, 112, 113, 114], "excluded_lines": [], "start_line": 109}, "DependencyResolver.topological_sort": {"executed_lines": [], "summary": {"covered_lines": 0, "num_statements": 6, "percent_covered": 0.0, "percent_covered_display": "0", "missing_lines": 6, "excluded_lines": 0, "percent_statements_covered": 0.0, "percent_statements_covered_display": "0"}, "missing_lines": [117, 118, 120, 128, 129, 131], "excluded_lines": [], "start_line": 116}, "DependencyResolver.topological_sort.visit": {"executed_lines": [], "summary": {"covered_lines": 0, "num_statements": 6, "percent_covered": 0.0, "percent_covered_display": "0", "missing_lines": 6, "excluded_lines": 0, "percent_statements_covered": 0.0, "percent_statements_covered_display": "0"}, "missing_lines": [121, 122, 123, 124, 125, 126], "excluded_lines": [], "start_line": 120}, "FileSalienceDecay.calculate_decay": {"executed_lines": [], "summary": {"covered_lines": 0, "num_statements": 11, "percent_covered": 0.0, "percent_covered_display": "0", "missing_lines": 11, "excluded_lines": 0, "percent_statements_covered": 0.0, "percent_statements_covered_display": "0"}, "missing_lines": [141, 143, 144, 145, 147, 148, 149, 150, 151, 152, 154], "excluded_lines": [], "start_line": 136}, "": {"executed_lines": [1, 2, 3, 4, 5, 8, 9, 32, 33, 40, 41, 45, 46, 53, 54, 63, 64, 70, 71, 76, 77, 78, 79, 80, 81, 83, 87, 88, 93, 97, 98, 101, 106, 109, 116, 134, 135, 136], "summary": {"covered_lines": 38, "num_statements": 38, "percent_covered": 100.0, "percent_covered_display": "100", "missing_lines": 0, "excluded_lines": 0, "percent_statements_covered": 100.0, "percent_statements_covered_display": "100"}, "missing_lines": [], "excluded_lines": [], "start_line": 1}}, "classes": {"SymbolNormalizer": {"executed_lines": [34, 35, 36, 37, 38, 42], "summary": {"covered_lines": 6, "num_statements": 6, "percent_covered": 100.0, "percent_covered_display": "100", "missing_lines": 0, "excluded_lines": 0, "percent_statements_covered": 100.0, "percent_statements_covered_display": "100"}, "missing_lines": [], "excluded_lines": [], "start_line": 8}, "FilePathNormalizer": {"executed_lines": [55, 56, 57, 58, 59, 60, 61, 72, 73], "summary": {"covered_lines": 9, "num_statements": 13, "percent_covered": 69.23076923076923, "percent_covered_display": "69", "missing_lines": 4, "excluded_lines": 0, "percent_statements_covered": 69.23076923076923, "percent_statements_covered_display": "69"}, "missing_lines": [65, 66, 67, 68], "excluded_lines": [], "start_line": 45}, "CodeAtomMetadata": {"executed_lines": [], "summary": {"covered_lines": 0, "num_statements": 4, "percent_covered": 0.0, "percent_covered_display": "0", "missing_lines": 4, "excluded_lines": 0, "percent_statements_covered": 0.0, "percent_statements_covered_display": "0"}, "missing_lines": [84, 85, 89, 90], "excluded_lines": [], "start_line": 77}, "DependencyResolver": {"executed_lines": [], "summary": {"covered_lines": 0, "num_statements": 22, "percent_covered": 0.0, "percent_covered_display": "0", "missing_lines": 22, "excluded_lines": 0, "percent_statements_covered": 0.0, "percent_statements_covered_display": "0"}, "missing_lines": [99, 102, 103, 104, 107, 110, 111, 112, 113, 114, 117, 118, 120, 121, 122, 123, 124, 125, 126, 128, 129, 131], "excluded_lines": [], "start_line": 97}, "FileSalienceDecay": {"executed_lines": [], "summary": {"covered_lines": 0, "num_statements": 11, "percent_covered": 0.0, "percent_covered_display": "0", "missing_lines": 11, "excluded_lines": 0, "percent_statements_covered": 0.0, "percent_statements_covered_display": "0"}, "missing_lines": [141, 143, 144, 145, 147, 148, 149, 150, 151, 152, 154], "excluded_lines": [], "start_line": 134}, "": {"executed_lines": [1, 2, 3, 4, 5, 8, 9, 32, 33, 40, 41, 45, 46, 53, 54, 63, 64, 70, 71, 76, 77, 78, 79, 80, 81, 83, 87, 88, 93, 97, 98, 101, 106, 109, 116, 134, 135, 136], "summary": {"covered_lines": 38, "num_statements": 39, "percent_covered": 97.43589743589743, "percent_covered_display": "97", "missing_lines": 1, "excluded_lines": 0, "percent_statements_covered": 97.43589743589743, "percent_statements_covered_display": "97"}, "missing_lines": [94], "excluded_lines": [], "start_line": 1}}}, "src/context_handover/core/__init__.py": {"executed_lines": [3, 4, 5, 6, 8], "summary": {"covered_lines": 5, "num_statements": 5, "percent_covered": 100.0, "percent_covered_display": "100", "missing_lines": 0, "excluded_lines": 0, "percent_statements_covered": 100.0, "percent_statements_covered_display": "100"}, "missing_lines": [], "excluded_lines": [], "functions": {"": {"executed_lines": [3, 4, 5, 6, 8], "summary": {"covered_lines": 5, "num_statements": 5, "percent_covered": 100.0, "percent_covered_display": "100", "missing_lines": 0, "excluded_lines": 0, "percent_statements_covered": 100.0, "percent_statements_covered_display": "100"}, "missing_lines": [], "excluded_lines": [], "start_line": 1}}, "classes": {"": {"executed_lines": [3, 4, 5, 6, 8], "summary": {"covered_lines": 5, "num_statements": 5, "percent_covered": 100.0, "percent_covered_display": "100", "missing_lines": 0, "excluded_lines": 0, "percent_statements_covered": 100.0, "percent_statements_covered_display": "100"}, "missing_lines": [], "excluded_lines": [], "start_line": 1}}}, "src/context_handover/core/atoms.py": {"executed_lines": [1, 2, 3, 4, 5, 6, 9, 10, 11, 12, 13, 14, 15, 16, 19, 20, 21, 22, 23, 26, 27, 28, 29, 30, 31, 32, 33, 34, 35, 36, 37, 38, 39, 40, 41, 42, 43, 44, 45, 46, 47, 49, 50, 51, 52, 54, 55, 56, 57, 58, 59, 61, 67, 73, 74, 75, 76, 77, 78, 80], "summary": {"covered_lines": 60, "num_statements": 69, "percent_covered": 86.95652173913044, "percent_covered_display": "87", "missing_lines": 9, "excluded_lines": 0, "percent_statements_covered": 86.95652173913044, "percent_statements_covered_display": "87"}, "missing_lines": [62, 63, 64, 65, 68, 69, 70, 81, 82], "excluded_lines": [], "functions": {"SemanticAtom.make_id": {"executed_lines": [51, 52], "summary": {"covered_lines": 2, "num_statements": 2, "percent_covered": 100.0, "percent_covered_display": "100", "missing_lines": 0, "excluded_lines": 0, "percent_statements_covered": 100.0, "percent_statements_covered_display": "100"}, "missing_lines": [], "excluded_lines": [], "start_line": 50}, "SemanticAtom.propagation_score": {"executed_lines": [56, 57, 58, 59], "summary": {"covered_lines": 4, "num_statements": 4, "percent_covered": 100.0, "percent_covered_display": "100", "missing_lines": 0, "excluded_lines": 0, "percent_statements_covered": 100.0, "percent_statements_covered_display": "100"}, "missing_lines": [], "excluded_lines": [], "start_line": 55}, "SemanticAtom.update_salience": {"executed_lines": [], "summary": {"covered_lines": 0, "num_statements": 4, "percent_covered": 0.0, "percent_covered_display": "0", "missing_lines": 4, "excluded_lines": 0, "percent_statements_covered": 0.0, "percent_statements_covered_display": "0"}, "missing_lines": [62, 63, 64, 65], "excluded_lines": [], "start_line": 61}, "SemanticAtom.apply_session_decay": {"executed_lines": [], "summary": {"covered_lines": 0, "num_statements": 3, "percent_covered": 0.0, "percent_covered_display": "0", "missing_lines": 3, "excluded_lines": 0, "percent_statements_covered": 0.0, "percent_statements_covered_display": "0"}, "missing_lines": [68, 69, 70], "excluded_lines": [], "start_line": 67}, "CodeAtom.__init__": {"executed_lines": [], "summary": {"covered_lines": 0, "num_statements": 2, "percent_covered": 0.0, "percent_covered_display": "0", "missing_lines": 2, "excluded_lines": 0, "percent_statements_covered": 0.0, "percent_statements_covered_display": "0"}, "missing_lines": [81, 82], "excluded_lines": [], "start_line": 80}, "": {"executed_lines": [1, 2, 3, 4, 5, 6, 9, 10, 11, 12, 13, 14, 15, 16, 19, 20, 21, 22, 23, 26, 27, 28, 29, 30, 31, 32, 33, 34, 35, 36, 37, 38, 39, 40, 41, 42, 43, 44, 45, 46, 47, 49, 50, 54, 55, 61, 67, 73, 74, 75, 76, 77, 78, 80], "summary": {"covered_lines": 54, "num_statements": 54, "percent_covered": 100.0, "percent_covered_display": "100", "missing_lines": 0, "excluded_lines": 0, "percent_statements_covered": 100.0, "percent_statements_covered_display": "100"}, "missing_lines": [], "excluded_lines": [], "start_line": 1}}, "classes": {"AtomType": {"executed_lines": [], "summary": {"covered_lines": 0, "num_statements": 0, "percent_covered": 100.0, "percent_covered_display": "100", "missing_lines": 0, "excluded_lines": 0, "percent_statements_covered": 100.0, "percent_statements_covered_display": "100"}, "missing_lines": [], "excluded_lines": [], "start_line": 9}, "AtomStatus": {"executed_lines": [], "summary": {"covered_lines": 0, "num_statements": 0, "percent_covered": 100.0, "percent_covered_display": "100", "missing_lines": 0, "excluded_lines": 0, "percent_statements_covered": 100.0, "percent_statements_covered_display": "100"}, "missing_lines": [], "excluded_lines": [], "start_line": 19}, "SemanticAtom": {"executed_lines": [51, 52, 56, 57, 58, 59], "summary": {"covered_lines": 6, "num_statements": 13, "percent_covered": 46.15384615384615, "percent_covered_display": "46", "missing_lines": 7, "excluded_lines": 0, "percent_statements_covered": 46.15384615384615, "percent_statements_covered_display": "46"}, "missing_lines": [62, 63, 64, 65, 68, 69, 70], "excluded_lines": [], "start_line": 27}, "CodeAtom": {"executed_lines": [], "summary": {"covered_lines": 0, "num_statements": 2, "percent_covered": 0.0, "percent_covered_display": "0", "missing_lines": 2, "excluded_lines": 0, "percent_statements_covered": 0.0, "percent_statements_covered_display": "0"}, "missing_lines": [81, 82], "excluded_lines": [], "start_line": 74}, "": {"executed_lines": [1, 2, 3, 4, 5, 6, 9, 10, 11, 12, 13, 14, 15, 16, 19, 20, 21, 22, 23, 26, 27, 28, 29, 30, 31, 32, 33, 34, 35, 36, 37, 38, 39, 40, 41, 42, 43, 44, 45, 46, 47, 49, 50, 54, 55, 61, 67, 73, 74, 75, 76, 77, 78, 80], "summary": {"covered_lines": 54, "num_statements": 54, "percent_covered": 100.0, "percent_covered_display": "100", "missing_lines": 0, "excluded_lines": 0, "percent_statements_covered": 100.0, "percent_statements_covered_display": "100"}, "missing_lines": [], "excluded_lines": [], "start_line": 1}}}, "src/context_handover/core/budget.py": {"executed_lines": [1, 2, 3, 4, 6, 7, 8, 14, 21, 22, 23, 25, 26, 27, 28, 35, 37, 39, 41, 50, 55, 58, 62, 72, 73, 75, 94, 96, 97, 100, 107, 112, 113, 118, 123, 124, 125, 126, 127, 128, 129, 130, 132, 135, 141, 142, 144, 145, 149, 153, 155, 160, 166, 168, 175, 176, 179, 180, 181, 182, 183, 184, 185, 187, 189, 190, 191, 192, 194, 196, 209, 213, 214, 215, 216, 217, 218, 220, 223, 226, 259, 260, 261, 263, 264, 265, 266, 267, 268, 271, 272, 273, 274, 275, 276, 278, 281, 282, 288, 289, 290, 291, 292, 294, 302, 303, 306, 309, 311], "summary": {"covered_lines": 109, "num_statements": 155, "percent_covered": 70.3225806451613, "percent_covered_display": "70", "missing_lines": 46, "excluded_lines": 0, "percent_statements_covered": 70.3225806451613, "percent_statements_covered_display": "70"}, "missing_lines": [9, 10, 11, 29, 30, 31, 32, 33, 38, 43, 44, 45, 46, 47, 48, 210, 221, 227, 228, 229, 230, 233, 234, 235, 237, 238, 239, 240, 242, 243, 244, 245, 246, 249, 250, 251, 252, 253, 254, 256, 312, 313, 314, 315, 316, 317], "excluded_lines": [], "functions": {"TokenBudgetManager.__init__": {"executed_lines": [22, 23], "summary": {"covered_lines": 2, "num_statements": 2, "percent_covered": 100.0, "percent_covered_display": "100", "missing_lines": 0, "excluded_lines": 0, "percent_statements_covered": 100.0, "percent_statements_covered_display": "100"}, "missing_lines": [], "excluded_lines": [], "start_line": 21}, "TokenBudgetManager._load_encoder": {"executed_lines": [26, 27, 28], "summary": {"covered_lines": 3, "num_statements": 8, "percent_covered": 37.5, "percent_covered_display": "38", "missing_lines": 5, "excluded_lines": 0, "percent_statements_covered": 37.5, "percent_statements_covered_display": "38"}, "missing_lines": [29, 30, 31, 32, 33], "excluded_lines": [], "start_line": 25}, "TokenBudgetManager.count": {"executed_lines": [37, 39], "summary": {"covered_lines": 2, "num_statements": 3, "percent_covered": 66.66666666666667, "percent_covered_display": "67", "missing_lines": 1, "excluded_lines": 0, "percent_statements_covered": 66.66666666666667, "percent_statements_covered_display": "67"}, "missing_lines": [38], "excluded_lines": [], "start_line": 35}, "TokenBudgetManager.count_messages": {"executed_lines": [], "summary": {"covered_lines": 0, "num_statements": 6, "percent_covered": 0.0, "percent_covered_display": "0", "missing_lines": 6, "excluded_lines": 0, "percent_statements_covered": 0.0, "percent_statements_covered_display": "0"}, "missing_lines": [43, 44, 45, 46, 47, 48], "excluded_lines": [], "start_line": 41}, "TokenBudgetManager._compute_atom_value": {"executed_lines": [55, 58, 62, 72, 73], "summary": {"covered_lines": 5, "num_statements": 5, "percent_covered": 100.0, "percent_covered_display": "100", "missing_lines": 0, "excluded_lines": 0, "percent_statements_covered": 100.0, "percent_statements_covered_display": "100"}, "missing_lines": [], "excluded_lines": [], "start_line": 50}, "TokenBudgetManager.fit_atoms_to_budget": {"executed_lines": [94, 96, 97, 100, 107, 112, 113, 118, 123, 124, 125, 126, 127, 128, 129, 130, 132, 135, 141, 142, 144, 145, 149, 153, 155, 160, 166], "summary": {"covered_lines": 27, "num_statements": 27, "percent_covered": 100.0, "percent_covered_display": "100", "missing_lines": 0, "excluded_lines": 0, "percent_statements_covered": 100.0, "percent_statements_covered_display": "100"}, "missing_lines": [], "excluded_lines": [], "start_line": 75}, "TokenBudgetManager._greedy_select": {"executed_lines": [175, 176, 179, 180, 181, 182, 183, 184, 185, 187, 189, 190, 191, 192, 194], "summary": {"covered_lines": 15, "num_statements": 15, "percent_covered": 100.0, "percent_covered_display": "100", "missing_lines": 0, "excluded_lines": 0, "percent_statements_covered": 100.0, "percent_statements_covered_display": "100"}, "missing_lines": [], "excluded_lines": [], "start_line": 168}, "TokenBudgetManager._knapsack_select": {"executed_lines": [209, 213, 214, 215, 216, 217, 218, 220, 223, 226, 259, 260, 261, 263, 264, 265, 266, 267, 268, 271, 272, 273, 274, 275, 276, 278], "summary": {"covered_lines": 26, "num_statements": 51, "percent_covered": 50.98039215686274, "percent_covered_display": "51", "missing_lines": 25, "excluded_lines": 0, "percent_statements_covered": 50.98039215686274, "percent_statements_covered_display": "51"}, "missing_lines": [210, 221, 227, 228, 229, 230, 233, 234, 235, 237, 238, 239, 240, 242, 243, 244, 245, 246, 249, 250, 251, 252, 253, 254, 256], "excluded_lines": [], "start_line": 196}, "HandoverPackage.__init__": {"executed_lines": [288, 289, 290, 291, 292], "summary": {"covered_lines": 5, "num_statements": 5, "percent_covered": 100.0, "percent_covered_display": "100", "missing_lines": 0, "excluded_lines": 0, "percent_statements_covered": 100.0, "percent_statements_covered_display": "100"}, "missing_lines": [], "excluded_lines": [], "start_line": 282}, "HandoverPackage.build": {"executed_lines": [302, 303, 306, 309], "summary": {"covered_lines": 4, "num_statements": 4, "percent_covered": 100.0, "percent_covered_display": "100", "missing_lines": 0, "excluded_lines": 0, "percent_statements_covered": 100.0, "percent_statements_covered_display": "100"}, "missing_lines": [], "excluded_lines": [], "start_line": 294}, "HandoverPackage.to_context_string": {"executed_lines": [], "summary": {"covered_lines": 0, "num_statements": 6, "percent_covered": 0.0, "percent_covered_display": "0", "missing_lines": 6, "excluded_lines": 0, "percent_statements_covered": 0.0, "percent_statements_covered_display": "0"}, "missing_lines": [312, 313, 314, 315, 316, 317], "excluded_lines": [], "start_line": 311}, "": {"executed_lines": [1, 2, 3, 4, 6, 7, 8, 14, 21, 25, 35, 41, 50, 75, 168, 196, 281, 282, 294, 311], "summary": {"covered_lines": 20, "num_statements": 23, "percent_covered": 86.95652173913044, "percent_covered_display": "87", "missing_lines": 3, "excluded_lines": 0, "percent_statements_covered": 86.95652173913044, "percent_statements_covered_display": "87"}, "missing_lines": [9, 10, 11], "excluded_lines": [], "start_line": 1}}, "classes": {"TokenBudgetManager": {"executed_lines": [22, 23, 26, 27, 28, 37, 39, 55, 58, 62, 72, 73, 94, 96, 97, 100, 107, 112, 113, 118, 123, 124, 125, 126, 127, 128, 129, 130, 132, 135, 141, 142, 144, 145, 149, 153, 155, 160, 166, 175, 176, 179, 180, 181, 182, 183, 184, 185, 187, 189, 190, 191, 192, 194, 209, 213, 214, 215, 216, 217, 218, 220, 223, 226, 259, 260, 261, 263, 264, 265, 266, 267, 268, 271, 272, 273, 274, 275, 276, 278], "summary": {"covered_lines": 80, "num_statements": 117, "percent_covered": 68.37606837606837, "percent_covered_display": "68", "missing_lines": 37, "excluded_lines": 0, "percent_statements_covered": 68.37606837606837, "percent_statements_covered_display": "68"}, "missing_lines": [29, 30, 31, 32, 33, 38, 43, 44, 45, 46, 47, 48, 210, 221, 227, 228, 229, 230, 233, 234, 235, 237, 238, 239, 240, 242, 243, 244, 245, 246, 249, 250, 251, 252, 253, 254, 256], "excluded_lines": [], "start_line": 14}, "HandoverPackage": {"executed_lines": [288, 289, 290, 291, 292, 302, 303, 306, 309], "summary": {"covered_lines": 9, "num_statements": 15, "percent_covered": 60.0, "percent_covered_display": "60", "missing_lines": 6, "excluded_lines": 0, "percent_statements_covered": 60.0, "percent_statements_covered_display": "60"}, "missing_lines": [312, 313, 314, 315, 316, 317], "excluded_lines": [], "start_line": 281}, "": {"executed_lines": [1, 2, 3, 4, 6, 7, 8, 14, 21, 25, 35, 41, 50, 75, 168, 196, 281, 282, 294, 311], "summary": {"covered_lines": 20, "num_statements": 23, "percent_covered": 86.95652173913044, "percent_covered_display": "87", "missing_lines": 3, "excluded_lines": 0, "percent_statements_covered": 86.95652173913044, "percent_statements_covered_display": "87"}, "missing_lines": [9, 10, 11], "excluded_lines": [], "start_line": 1}}}, "src/context_handover/core/checkpoint.py": {"executed_lines": [1, 2, 3, 4, 5, 6, 9, 10, 11, 12, 15, 16, 17, 18, 19, 22, 41, 42, 43, 44, 46, 51, 54, 56, 57, 58, 59, 60, 61, 63, 65, 66, 68, 86, 87], "summary": {"covered_lines": 35, "num_statements": 50, "percent_covered": 70.0, "percent_covered_display": "70", "missing_lines": 15, "excluded_lines": 0, "percent_statements_covered": 70.0, "percent_statements_covered_display": "70"}, "missing_lines": [52, 74, 76, 77, 78, 80, 81, 83, 96, 97, 98, 99, 100, 101, 102], "excluded_lines": [], "functions": {"CheckpointManager.__init__": {"executed_lines": [43, 44], "summary": {"covered_lines": 2, "num_statements": 2, "percent_covered": 100.0, "percent_covered_display": "100", "missing_lines": 0, "excluded_lines": 0, "percent_statements_covered": 100.0, "percent_statements_covered_display": "100"}, "missing_lines": [], "excluded_lines": [], "start_line": 42}, "CheckpointManager.evaluate": {"executed_lines": [51, 54, 56, 57, 58, 59, 60, 61, 63, 65, 66], "summary": {"covered_lines": 11, "num_statements": 12, "percent_covered": 91.66666666666667, "percent_covered_display": "92", "missing_lines": 1, "excluded_lines": 0, "percent_statements_covered": 91.66666666666667, "percent_statements_covered_display": "92"}, "missing_lines": [52], "excluded_lines": [], "start_line": 46}, "CheckpointManager.should_handover": {"executed_lines": [], "summary": {"covered_lines": 0, "num_statements": 7, "percent_covered": 0.0, "percent_covered_display": "0", "missing_lines": 7, "excluded_lines": 0, "percent_statements_covered": 0.0, "percent_statements_covered_display": "0"}, "missing_lines": [74, 76, 77, 78, 80, 81, 83], "excluded_lines": [], "start_line": 68}, "Checkpoint.__init__": {"executed_lines": [], "summary": {"covered_lines": 0, "num_statements": 7, "percent_covered": 0.0, "percent_covered_display": "0", "missing_lines": 7, "excluded_lines": 0, "percent_statements_covered": 0.0, "percent_statements_covered_display": "0"}, "missing_lines": [96, 97, 98, 99, 100, 101, 102], "excluded_lines": [], "start_line": 87}, "": {"executed_lines": [1, 2, 3, 4, 5, 6, 9, 10, 11, 12, 15, 16, 17, 18, 19, 22, 41, 42, 46, 68, 86, 87], "summary": {"covered_lines": 22, "num_statements": 22, "percent_covered": 100.0, "percent_covered_display": "100", "missing_lines": 0, "excluded_lines": 0, "percent_statements_covered": 100.0, "percent_statements_covered_display": "100"}, "missing_lines": [], "excluded_lines": [], "start_line": 1}}, "classes": {"CheckpointLevel": {"executed_lines": [], "summary": {"covered_lines": 0, "num_statements": 0, "percent_covered": 100.0, "percent_covered_display": "100", "missing_lines": 0, "excluded_lines": 0, "percent_statements_covered": 100.0, "percent_statements_covered_display": "100"}, "missing_lines": [], "excluded_lines": [], "start_line": 9}, "CheckpointTrigger": {"executed_lines": [], "summary": {"covered_lines": 0, "num_statements": 0, "percent_covered": 100.0, "percent_covered_display": "100", "missing_lines": 0, "excluded_lines": 0, "percent_statements_covered": 100.0, "percent_statements_covered_display": "100"}, "missing_lines": [], "excluded_lines": [], "start_line": 16}, "CheckpointManager": {"executed_lines": [43, 44, 51, 54, 56, 57, 58, 59, 60, 61, 63, 65, 66], "summary": {"covered_lines": 13, "num_statements": 21, "percent_covered": 61.904761904761905, "percent_covered_display": "62", "missing_lines": 8, "excluded_lines": 0, "percent_statements_covered": 61.904761904761905, "percent_statements_covered_display": "62"}, "missing_lines": [52, 74, 76, 77, 78, 80, 81, 83], "excluded_lines": [], "start_line": 41}, "Checkpoint": {"executed_lines": [], "summary": {"covered_lines": 0, "num_statements": 7, "percent_covered": 0.0, "percent_covered_display": "0", "missing_lines": 7, "excluded_lines": 0, "percent_statements_covered": 0.0, "percent_statements_covered_display": "0"}, "missing_lines": [96, 97, 98, 99, 100, 101, 102], "excluded_lines": [], "start_line": 86}, "": {"executed_lines": [1, 2, 3, 4, 5, 6, 9, 10, 11, 12, 15, 16, 17, 18, 19, 22, 41, 42, 46, 68, 86, 87], "summary": {"covered_lines": 22, "num_statements": 22, "percent_covered": 100.0, "percent_covered_display": "100", "missing_lines": 0, "excluded_lines": 0, "percent_statements_covered": 100.0, "percent_statements_covered_display": "100"}, "missing_lines": [], "excluded_lines": [], "start_line": 1}}}, "src/context_handover/core/registry.py": {"executed_lines": [1, 2, 3, 4, 5, 6, 7, 8, 10, 13, 14, 15, 16, 17, 19, 26, 27, 29, 32, 43, 44, 45, 47, 75, 96, 111, 118, 119, 134, 141, 144, 148, 149, 156, 162, 165], "summary": {"covered_lines": 36, "num_statements": 98, "percent_covered": 36.734693877551024, "percent_covered_display": "37", "missing_lines": 62, "excluded_lines": 0, "percent_statements_covered": 36.734693877551024, "percent_statements_covered_display": "37"}, "missing_lines": [30, 33, 34, 35, 36, 37, 38, 39, 40, 41, 54, 55, 57, 58, 60, 61, 62, 63, 64, 65, 66, 67, 68, 69, 71, 72, 73, 80, 81, 82, 83, 84, 85, 86, 87, 88, 89, 90, 91, 92, 93, 94, 103, 104, 105, 106, 107, 108, 109, 135, 139, 142, 145, 146, 150, 151, 152, 153, 154, 157, 163, 166], "excluded_lines": [], "functions": {"AtomRegistry.__init__": {"executed_lines": [15, 16, 17], "summary": {"covered_lines": 3, "num_statements": 3, "percent_covered": 100.0, "percent_covered_display": "100", "missing_lines": 0, "excluded_lines": 0, "percent_statements_covered": 100.0, "percent_statements_covered_display": "100"}, "missing_lines": [], "excluded_lines": [], "start_line": 14}, "AtomRegistry.insert_or_update": {"executed_lines": [26, 27, 29, 32, 43, 44, 45], "summary": {"covered_lines": 7, "num_statements": 17, "percent_covered": 41.1764705882353, "percent_covered_display": "41", "missing_lines": 10, "excluded_lines": 0, "percent_statements_covered": 41.1764705882353, "percent_statements_covered_display": "41"}, "missing_lines": [30, 33, 34, 35, 36, 37, 38, 39, 40, 41], "excluded_lines": [], "start_line": 19}, "AtomRegistry.insert_or_update_async": {"executed_lines": [], "summary": {"covered_lines": 0, "num_statements": 17, "percent_covered": 0.0, "percent_covered_display": "0", "missing_lines": 17, "excluded_lines": 0, "percent_statements_covered": 0.0, "percent_statements_covered_display": "0"}, "missing_lines": [54, 55, 57, 58, 60, 61, 62, 63, 64, 65, 66, 67, 68, 69, 71, 72, 73], "excluded_lines": [], "start_line": 47}, "AtomRegistry._find_similar": {"executed_lines": [], "summary": {"covered_lines": 0, "num_statements": 15, "percent_covered": 0.0, "percent_covered_display": "0", "missing_lines": 15, "excluded_lines": 0, "percent_statements_covered": 0.0, "percent_statements_covered_display": "0"}, "missing_lines": [80, 81, 82, 83, 84, 85, 86, 87, 88, 89, 90, 91, 92, 93, 94], "excluded_lines": [], "start_line": 75}, "AtomRegistry._update_existing": {"executed_lines": [], "summary": {"covered_lines": 0, "num_statements": 7, "percent_covered": 0.0, "percent_covered_display": "0", "missing_lines": 7, "excluded_lines": 0, "percent_statements_covered": 0.0, "percent_statements_covered_display": "0"}, "missing_lines": [103, 104, 105, 106, 107, 108, 109], "excluded_lines": [], "start_line": 96}, "AtomRegistry._create_atom": {"executed_lines": [118, 119], "summary": {"covered_lines": 2, "num_statements": 2, "percent_covered": 100.0, "percent_covered_display": "100", "missing_lines": 0, "excluded_lines": 0, "percent_statements_covered": 100.0, "percent_statements_covered_display": "100"}, "missing_lines": [], "excluded_lines": [], "start_line": 111}, "AtomRegistry._embed": {"executed_lines": [], "summary": {"covered_lines": 0, "num_statements": 2, "percent_covered": 0.0, "percent_covered_display": "0", "missing_lines": 2, "excluded_lines": 0, "percent_statements_covered": 0.0, "percent_statements_covered_display": "0"}, "missing_lines": [135, 139], "excluded_lines": [], "start_line": 134}, "AtomRegistry._embed_blocking": {"executed_lines": [], "summary": {"covered_lines": 0, "num_statements": 1, "percent_covered": 0.0, "percent_covered_display": "0", "missing_lines": 1, "excluded_lines": 0, "percent_statements_covered": 0.0, "percent_statements_covered_display": "0"}, "missing_lines": [142], "excluded_lines": [], "start_line": 141}, "AtomRegistry._embed_async": {"executed_lines": [], "summary": {"covered_lines": 0, "num_statements": 2, "percent_covered": 0.0, "percent_covered_display": "0", "missing_lines": 2, "excluded_lines": 0, "percent_statements_covered": 0.0, "percent_statements_covered_display": "0"}, "missing_lines": [145, 146], "excluded_lines": [], "start_line": 144}, "AtomRegistry._cosine_similarity": {"executed_lines": [], "summary": {"covered_lines": 0, "num_statements": 5, "percent_covered": 0.0, "percent_covered_display": "0", "missing_lines": 5, "excluded_lines": 0, "percent_statements_covered": 0.0, "percent_statements_covered_display": "0"}, "missing_lines": [150, 151, 152, 153, 154], "excluded_lines": [], "start_line": 149}, "AtomRegistry.get_active_atoms": {"executed_lines": [], "summary": {"covered_lines": 0, "num_statements": 1, "percent_covered": 0.0, "percent_covered_display": "0", "missing_lines": 1, "excluded_lines": 0, "percent_statements_covered": 0.0, "percent_statements_covered_display": "0"}, "missing_lines": [157], "excluded_lines": [], "start_line": 156}, "AtomRegistry.get_by_type": {"executed_lines": [], "summary": {"covered_lines": 0, "num_statements": 1, "percent_covered": 0.0, "percent_covered_display": "0", "missing_lines": 1, "excluded_lines": 0, "percent_statements_covered": 0.0, "percent_statements_covered_display": "0"}, "missing_lines": [163], "excluded_lines": [], "start_line": 162}, "AtomRegistry.get_ranked_atoms": {"executed_lines": [], "summary": {"covered_lines": 0, "num_statements": 1, "percent_covered": 0.0, "percent_covered_display": "0", "missing_lines": 1, "excluded_lines": 0, "percent_statements_covered": 0.0, "percent_statements_covered_display": "0"}, "missing_lines": [166], "excluded_lines": [], "start_line": 165}, "": {"executed_lines": [1, 2, 3, 4, 5, 6, 7, 8, 10, 13, 14, 19, 47, 75, 96, 111, 134, 141, 144, 148, 149, 156, 162, 165], "summary": {"covered_lines": 24, "num_statements": 24, "percent_covered": 100.0, "percent_covered_display": "100", "missing_lines": 0, "excluded_lines": 0, "percent_statements_covered": 100.0, "percent_statements_covered_display": "100"}, "missing_lines": [], "excluded_lines": [], "start_line": 1}}, "classes": {"AtomRegistry": {"executed_lines": [15, 16, 17, 26, 27, 29, 32, 43, 44, 45, 118, 119], "summary": {"covered_lines": 12, "num_statements": 74, "percent_covered": 16.216216216216218, "percent_covered_display": "16", "missing_lines": 62, "excluded_lines": 0, "percent_statements_covered": 16.216216216216218, "percent_statements_covered_display": "16"}, "missing_lines": [30, 33, 34, 35, 36, 37, 38, 39, 40, 41, 54, 55, 57, 58, 60, 61, 62, 63, 64, 65, 66, 67, 68, 69, 71, 72, 73, 80, 81, 82, 83, 84, 85, 86, 87, 88, 89, 90, 91, 92, 93, 94, 103, 104, 105, 106, 107, 108, 109, 135, 139, 142, 145, 146, 150, 151, 152, 153, 154, 157, 163, 166], "excluded_lines": [], "start_line": 13}, "": {"executed_lines": [1, 2, 3, 4, 5, 6, 7, 8, 10, 13, 14, 19, 47, 75, 96, 111, 134, 141, 144, 148, 149, 156, 162, 165], "summary": {"covered_lines": 24, "num_statements": 24, "percent_covered": 100.0, "percent_covered_display": "100", "missing_lines": 0, "excluded_lines": 0, "percent_statements_covered": 100.0, "percent_statements_covered_display": "100"}, "missing_lines": [], "excluded_lines": [], "start_line": 1}}}, "src/context_handover/extraction/__init__.py": {"executed_lines": [3, 5], "summary": {"covered_lines": 2, "num_statements": 2, "percent_covered": 100.0, "percent_covered_display": "100", "missing_lines": 0, "excluded_lines": 0, "percent_statements_covered": 100.0, "percent_statements_covered_display": "100"}, "missing_lines": [], "excluded_lines": [], "functions": {"": {"executed_lines": [3, 5], "summary": {"covered_lines": 2, "num_statements": 2, "percent_covered": 100.0, "percent_covered_display": "100", "missing_lines": 0, "excluded_lines": 0, "percent_statements_covered": 100.0, "percent_statements_covered_display": "100"}, "missing_lines": [], "excluded_lines": [], "start_line": 1}}, "classes": {"": {"executed_lines": [3, 5], "summary": {"covered_lines": 2, "num_statements": 2, "percent_covered": 100.0, "percent_covered_display": "100", "missing_lines": 0, "excluded_lines": 0, "percent_statements_covered": 100.0, "percent_statements_covered_display": "100"}, "missing_lines": [], "excluded_lines": [], "start_line": 1}}}, "src/context_handover/extraction/extraction.py": {"executed_lines": [1, 2, 3, 4, 5, 6, 7, 10, 11, 12, 13, 14, 16, 17, 18, 19, 21, 23, 24, 25, 27, 30, 31, 34, 64, 84, 85, 89, 99, 111], "summary": {"covered_lines": 30, "num_statements": 56, "percent_covered": 53.57142857142857, "percent_covered_display": "54", "missing_lines": 26, "excluded_lines": 0, "percent_statements_covered": 53.57142857142857, "percent_statements_covered_display": "54"}, "missing_lines": [20, 26, 86, 87, 90, 91, 92, 93, 94, 95, 96, 97, 100, 101, 107, 108, 109, 112, 113, 114, 115, 116, 117, 118, 119, 125], "excluded_lines": [], "functions": {"AtomCandidate.type_must_be_valid": {"executed_lines": [18, 19, 21], "summary": {"covered_lines": 3, "num_statements": 4, "percent_covered": 75.0, "percent_covered_display": "75", "missing_lines": 1, "excluded_lines": 0, "percent_statements_covered": 75.0, "percent_statements_covered_display": "75"}, "missing_lines": [20], "excluded_lines": [], "start_line": 17}, "AtomCandidate.canonical_must_be_short": {"executed_lines": [25, 27], "summary": {"covered_lines": 2, "num_statements": 3, "percent_covered": 66.66666666666667, "percent_covered_display": "67", "missing_lines": 1, "excluded_lines": 0, "percent_statements_covered": 66.66666666666667, "percent_statements_covered_display": "67"}, "missing_lines": [26], "excluded_lines": [], "start_line": 24}, "AtomExtractor.__init__": {"executed_lines": [], "summary": {"covered_lines": 0, "num_statements": 2, "percent_covered": 0.0, "percent_covered_display": "0", "missing_lines": 2, "excluded_lines": 0, "percent_statements_covered": 0.0, "percent_statements_covered_display": "0"}, "missing_lines": [86, 87], "excluded_lines": [], "start_line": 85}, "AtomExtractor.extract": {"executed_lines": [], "summary": {"covered_lines": 0, "num_statements": 8, "percent_covered": 0.0, "percent_covered_display": "0", "missing_lines": 8, "excluded_lines": 0, "percent_statements_covered": 0.0, "percent_statements_covered_display": "0"}, "missing_lines": [90, 91, 92, 93, 94, 95, 96, 97], "excluded_lines": [], "start_line": 89}, "AtomExtractor._llm_extract": {"executed_lines": [], "summary": {"covered_lines": 0, "num_statements": 5, "percent_covered": 0.0, "percent_covered_display": "0", "missing_lines": 5, "excluded_lines": 0, "percent_statements_covered": 0.0, "percent_statements_covered_display": "0"}, "missing_lines": [100, 101, 107, 108, 109], "excluded_lines": [], "start_line": 99}, "AtomExtractor._regex_extract": {"executed_lines": [], "summary": {"covered_lines": 0, "num_statements": 9, "percent_covered": 0.0, "percent_covered_display": "0", "missing_lines": 9, "excluded_lines": 0, "percent_statements_covered": 0.0, "percent_statements_covered_display": "0"}, "missing_lines": [112, 113, 114, 115, 116, 117, 118, 119, 125], "excluded_lines": [], "start_line": 111}, "": {"executed_lines": [1, 2, 3, 4, 5, 6, 7, 10, 11, 12, 13, 14, 16, 17, 23, 24, 30, 31, 34, 64, 84, 85, 89, 99, 111], "summary": {"covered_lines": 25, "num_statements": 25, "percent_covered": 100.0, "percent_covered_display": "100", "missing_lines": 0, "excluded_lines": 0, "percent_statements_covered": 100.0, "percent_statements_covered_display": "100"}, "missing_lines": [], "excluded_lines": [], "start_line": 1}}, "classes": {"AtomCandidate": {"executed_lines": [18, 19, 21, 25, 27], "summary": {"covered_lines": 5, "num_statements": 7, "percent_covered": 71.42857142857143, "percent_covered_display": "71", "missing_lines": 2, "excluded_lines": 0, "percent_statements_covered": 71.42857142857143, "percent_statements_covered_display": "71"}, "missing_lines": [20, 26], "excluded_lines": [], "start_line": 10}, "ExtractionResponse": {"executed_lines": [], "summary": {"covered_lines": 0, "num_statements": 0, "percent_covered": 100.0, "percent_covered_display": "100", "missing_lines": 0, "excluded_lines": 0, "percent_statements_covered": 100.0, "percent_statements_covered_display": "100"}, "missing_lines": [], "excluded_lines": [], "start_line": 30}, "AtomExtractor": {"executed_lines": [], "summary": {"covered_lines": 0, "num_statements": 24, "percent_covered": 0.0, "percent_covered_display": "0", "missing_lines": 24, "excluded_lines": 0, "percent_statements_covered": 0.0, "percent_statements_covered_display": "0"}, "missing_lines": [86, 87, 90, 91, 92, 93, 94, 95, 96, 97, 100, 101, 107, 108, 109, 112, 113, 114, 115, 116, 117, 118, 119, 125], "excluded_lines": [], "start_line": 84}, "": {"executed_lines": [1, 2, 3, 4, 5, 6, 7, 10, 11, 12, 13, 14, 16, 17, 23, 24, 30, 31, 34, 64, 84, 85, 89, 99, 111], "summary": {"covered_lines": 25, "num_statements": 25, "percent_covered": 100.0, "percent_covered_display": "100", "missing_lines": 0, "excluded_lines": 0, "percent_statements_covered": 100.0, "percent_statements_covered_display": "100"}, "missing_lines": [], "excluded_lines": [], "start_line": 1}}}, "src/context_handover/instrumentation/__init__.py": {"executed_lines": [3, 4, 6], "summary": {"covered_lines": 3, "num_statements": 3, "percent_covered": 100.0, "percent_covered_display": "100", "missing_lines": 0, "excluded_lines": 0, "percent_statements_covered": 100.0, "percent_statements_covered_display": "100"}, "missing_lines": [], "excluded_lines": [], "functions": {"": {"executed_lines": [3, 4, 6], "summary": {"covered_lines": 3, "num_statements": 3, "percent_covered": 100.0, "percent_covered_display": "100", "missing_lines": 0, "excluded_lines": 0, "percent_statements_covered": 100.0, "percent_statements_covered_display": "100"}, "missing_lines": [], "excluded_lines": [], "start_line": 1}}, "classes": {"": {"executed_lines": [3, 4, 6], "summary": {"covered_lines": 3, "num_statements": 3, "percent_covered": 100.0, "percent_covered_display": "100", "missing_lines": 0, "excluded_lines": 0, "percent_statements_covered": 100.0, "percent_statements_covered_display": "100"}, "missing_lines": [], "excluded_lines": [], "start_line": 1}}}, "src/context_handover/instrumentation/langfuse_integration.py": {"executed_lines": [1, 2, 3, 4, 5, 7, 8, 10, 11, 12, 15, 16, 26, 65, 86], "summary": {"covered_lines": 15, "num_statements": 43, "percent_covered": 34.883720930232556, "percent_covered_display": "35", "missing_lines": 28, "excluded_lines": 0, "percent_statements_covered": 34.883720930232556, "percent_statements_covered_display": "35"}, "missing_lines": [9, 17, 18, 19, 21, 33, 34, 35, 37, 38, 48, 49, 59, 60, 62, 63, 71, 72, 74, 75, 83, 84, 94, 95, 97, 98, 107, 108], "excluded_lines": [], "functions": {"ContextHandoverObserver.__init__": {"executed_lines": [], "summary": {"covered_lines": 0, "num_statements": 4, "percent_covered": 0.0, "percent_covered_display": "0", "missing_lines": 4, "excluded_lines": 0, "percent_statements_covered": 0.0, "percent_statements_covered_display": "0"}, "missing_lines": [17, 18, 19, 21], "excluded_lines": [], "start_line": 16}, "ContextHandoverObserver.trace_handover": {"executed_lines": [], "summary": {"covered_lines": 0, "num_statements": 11, "percent_covered": 0.0, "percent_covered_display": "0", "missing_lines": 11, "excluded_lines": 0, "percent_statements_covered": 0.0, "percent_statements_covered_display": "0"}, "missing_lines": [33, 34, 35, 37, 38, 48, 49, 59, 60, 62, 63], "excluded_lines": [], "start_line": 26}, "ContextHandoverObserver.trace_extraction": {"executed_lines": [], "summary": {"covered_lines": 0, "num_statements": 6, "percent_covered": 0.0, "percent_covered_display": "0", "missing_lines": 6, "excluded_lines": 0, "percent_statements_covered": 0.0, "percent_statements_covered_display": "0"}, "missing_lines": [71, 72, 74, 75, 83, 84], "excluded_lines": [], "start_line": 65}, "ContextHandoverObserver.trace_checkpoint": {"executed_lines": [], "summary": {"covered_lines": 0, "num_statements": 6, "percent_covered": 0.0, "percent_covered_display": "0", "missing_lines": 6, "excluded_lines": 0, "percent_statements_covered": 0.0, "percent_statements_covered_display": "0"}, "missing_lines": [94, 95, 97, 98, 107, 108], "excluded_lines": [], "start_line": 86}, "": {"executed_lines": [1, 2, 3, 4, 5, 7, 8, 10, 11, 12, 15, 16, 26, 65, 86], "summary": {"covered_lines": 15, "num_statements": 16, "percent_covered": 93.75, "percent_covered_display": "94", "missing_lines": 1, "excluded_lines": 0, "percent_statements_covered": 93.75, "percent_statements_covered_display": "94"}, "missing_lines": [9], "excluded_lines": [], "start_line": 1}}, "classes": {"ContextHandoverObserver": {"executed_lines": [], "summary": {"covered_lines": 0, "num_statements": 27, "percent_covered": 0.0, "percent_covered_display": "0", "missing_lines": 27, "excluded_lines": 0, "percent_statements_covered": 0.0, "percent_statements_covered_display": "0"}, "missing_lines": [17, 18, 19, 21, 33, 34, 35, 37, 38, 48, 49, 59, 60, 62, 63, 71, 72, 74, 75, 83, 84, 94, 95, 97, 98, 107, 108], "excluded_lines": [], "start_line": 15}, "": {"executed_lines": [1, 2, 3, 4, 5, 7, 8, 10, 11, 12, 15, 16, 26, 65, 86], "summary": {"covered_lines": 15, "num_statements": 16, "percent_covered": 93.75, "percent_covered_display": "94", "missing_lines": 1, "excluded_lines": 0, "percent_statements_covered": 93.75, "percent_statements_covered_display": "94"}, "missing_lines": [9], "excluded_lines": [], "start_line": 1}}}, "src/context_handover/instrumentation/otel_instrumentation.py": {"executed_lines": [1, 2, 3, 5, 7, 8, 14, 15, 16, 19, 20, 44, 49, 53, 65, 78, 91, 92, 95, 98, 102, 103, 107, 111, 115, 122], "summary": {"covered_lines": 26, "num_statements": 76, "percent_covered": 34.21052631578947, "percent_covered_display": "34", "missing_lines": 50, "excluded_lines": 0, "percent_statements_covered": 34.21052631578947, "percent_statements_covered_display": "34"}, "missing_lines": [9, 10, 11, 12, 13, 25, 26, 27, 29, 30, 32, 33, 37, 39, 40, 42, 45, 46, 47, 50, 51, 60, 61, 62, 63, 72, 73, 74, 75, 76, 85, 86, 87, 88, 93, 96, 99, 104, 105, 108, 109, 112, 113, 116, 117, 118, 119, 120, 123, 124], "excluded_lines": [], "functions": {"ContextInstrumentor.__init__": {"executed_lines": [], "summary": {"covered_lines": 0, "num_statements": 11, "percent_covered": 0.0, "percent_covered_display": "0", "missing_lines": 11, "excluded_lines": 0, "percent_statements_covered": 0.0, "percent_statements_covered_display": "0"}, "missing_lines": [25, 26, 27, 29, 30, 32, 33, 37, 39, 40, 42], "excluded_lines": [], "start_line": 20}, "ContextInstrumentor.start_span": {"executed_lines": [], "summary": {"covered_lines": 0, "num_statements": 3, "percent_covered": 0.0, "percent_covered_display": "0", "missing_lines": 3, "excluded_lines": 0, "percent_statements_covered": 0.0, "percent_statements_covered_display": "0"}, "missing_lines": [45, 46, 47], "excluded_lines": [], "start_line": 44}, "ContextInstrumentor.trace_extraction": {"executed_lines": [], "summary": {"covered_lines": 0, "num_statements": 2, "percent_covered": 0.0, "percent_covered_display": "0", "missing_lines": 2, "excluded_lines": 0, "percent_statements_covered": 0.0, "percent_statements_covered_display": "0"}, "missing_lines": [50, 51], "excluded_lines": [], "start_line": 49}, "ContextInstrumentor.trace_checkpoint": {"executed_lines": [], "summary": {"covered_lines": 0, "num_statements": 4, "percent_covered": 0.0, "percent_covered_display": "0", "missing_lines": 4, "excluded_lines": 0, "percent_statements_covered": 0.0, "percent_statements_covered_display": "0"}, "missing_lines": [60, 61, 62, 63], "excluded_lines": [], "start_line": 53}, "ContextInstrumentor.trace_handover": {"executed_lines": [], "summary": {"covered_lines": 0, "num_statements": 5, "percent_covered": 0.0, "percent_covered_display": "0", "missing_lines": 5, "excluded_lines": 0, "percent_statements_covered": 0.0, "percent_statements_covered_display": "0"}, "missing_lines": [72, 73, 74, 75, 76], "excluded_lines": [], "start_line": 65}, "ContextInstrumentor.trace_drift_measurement": {"executed_lines": [], "summary": {"covered_lines": 0, "num_statements": 4, "percent_covered": 0.0, "percent_covered_display": "0", "missing_lines": 4, "excluded_lines": 0, "percent_statements_covered": 0.0, "percent_statements_covered_display": "0"}, "missing_lines": [85, 86, 87, 88], "excluded_lines": [], "start_line": 78}, "NoOpSpan.__enter__": {"executed_lines": [], "summary": {"covered_lines": 0, "num_statements": 1, "percent_covered": 0.0, "percent_covered_display": "0", "missing_lines": 1, "excluded_lines": 0, "percent_statements_covered": 0.0, "percent_statements_covered_display": "0"}, "missing_lines": [93], "excluded_lines": [], "start_line": 92}, "NoOpSpan.__exit__": {"executed_lines": [], "summary": {"covered_lines": 0, "num_statements": 1, "percent_covered": 0.0, "percent_covered_display": "0", "missing_lines": 1, "excluded_lines": 0, "percent_statements_covered": 0.0, "percent_statements_covered_display": "0"}, "missing_lines": [96], "excluded_lines": [], "start_line": 95}, "NoOpSpan.set_attribute": {"executed_lines": [], "summary": {"covered_lines": 0, "num_statements": 1, "percent_covered": 0.0, "percent_covered_display": "0", "missing_lines": 1, "excluded_lines": 0, "percent_statements_covered": 0.0, "percent_statements_covered_display": "0"}, "missing_lines": [99], "excluded_lines": [], "start_line": 98}, "MetricsCollector.__init__": {"executed_lines": [], "summary": {"covered_lines": 0, "num_statements": 2, "percent_covered": 0.0, "percent_covered_display": "0", "missing_lines": 2, "excluded_lines": 0, "percent_statements_covered": 0.0, "percent_statements_covered_display": "0"}, "missing_lines": [104, 105], "excluded_lines": [], "start_line": 103}, "MetricsCollector.increment": {"executed_lines": [], "summary": {"covered_lines": 0, "num_statements": 2, "percent_covered": 0.0, "percent_covered_display": "0", "missing_lines": 2, "excluded_lines": 0, "percent_statements_covered": 0.0, "percent_statements_covered_display": "0"}, "missing_lines": [108, 109], "excluded_lines": [], "start_line": 107}, "MetricsCollector.gauge": {"executed_lines": [], "summary": {"covered_lines": 0, "num_statements": 2, "percent_covered": 0.0, "percent_covered_display": "0", "missing_lines": 2, "excluded_lines": 0, "percent_statements_covered": 0.0, "percent_statements_covered_display": "0"}, "missing_lines": [112, 113], "excluded_lines": [], "start_line": 111}, "MetricsCollector.get_metric": {"executed_lines": [], "summary": {"covered_lines": 0, "num_statements": 5, "percent_covered": 0.0, "percent_covered_display": "0", "missing_lines": 5, "excluded_lines": 0, "percent_statements_covered": 0.0, "percent_statements_covered_display": "0"}, "missing_lines": [116, 117, 118, 119, 120], "excluded_lines": [], "start_line": 115}, "MetricsCollector.reset": {"executed_lines": [], "summary": {"covered_lines": 0, "num_statements": 2, "percent_covered": 0.0, "percent_covered_display": "0", "missing_lines": 2, "excluded_lines": 0, "percent_statements_covered": 0.0, "percent_statements_covered_display": "0"}, "missing_lines": [123, 124], "excluded_lines": [], "start_line": 122}, "": {"executed_lines": [1, 2, 3, 5, 7, 8, 14, 15, 16, 19, 20, 44, 49, 53, 65, 78, 91, 92, 95, 98, 102, 103, 107, 111, 115, 122], "summary": {"covered_lines": 26, "num_statements": 31, "percent_covered": 83.87096774193549, "percent_covered_display": "84", "missing_lines": 5, "excluded_lines": 0, "percent_statements_covered": 83.87096774193549, "percent_statements_covered_display": "84"}, "missing_lines": [9, 10, 11, 12, 13], "excluded_lines": [], "start_line": 1}}, "classes": {"ContextInstrumentor": {"executed_lines": [], "summary": {"covered_lines": 0, "num_statements": 29, "percent_covered": 0.0, "percent_covered_display": "0", "missing_lines": 29, "excluded_lines": 0, "percent_statements_covered": 0.0, "percent_statements_covered_display": "0"}, "missing_lines": [25, 26, 27, 29, 30, 32, 33, 37, 39, 40, 42, 45, 46, 47, 50, 51, 60, 61, 62, 63, 72, 73, 74, 75, 76, 85, 86, 87, 88], "excluded_lines": [], "start_line": 19}, "NoOpSpan": {"executed_lines": [], "summary": {"covered_lines": 0, "num_statements": 3, "percent_covered": 0.0, "percent_covered_display": "0", "missing_lines": 3, "excluded_lines": 0, "percent_statements_covered": 0.0, "percent_statements_covered_display": "0"}, "missing_lines": [93, 96, 99], "excluded_lines": [], "start_line": 91}, "MetricsCollector": {"executed_lines": [], "summary": {"covered_lines": 0, "num_statements": 13, "percent_covered": 0.0, "percent_covered_display": "0", "missing_lines": 13, "excluded_lines": 0, "percent_statements_covered": 0.0, "percent_statements_covered_display": "0"}, "missing_lines": [104, 105, 108, 109, 112, 113, 116, 117, 118, 119, 120, 123, 124], "excluded_lines": [], "start_line": 102}, "": {"executed_lines": [1, 2, 3, 5, 7, 8, 14, 15, 16, 19, 20, 44, 49, 53, 65, 78, 91, 92, 95, 98, 102, 103, 107, 111, 115, 122], "summary": {"covered_lines": 26, "num_statements": 31, "percent_covered": 83.87096774193549, "percent_covered_display": "84", "missing_lines": 5, "excluded_lines": 0, "percent_statements_covered": 83.87096774193549, "percent_statements_covered_display": "84"}, "missing_lines": [9, 10, 11, 12, 13], "excluded_lines": [], "start_line": 1}}}, "src/context_handover/measurement/__init__.py": {"executed_lines": [3, 4, 5, 7], "summary": {"covered_lines": 4, "num_statements": 4, "percent_covered": 100.0, "percent_covered_display": "100", "missing_lines": 0, "excluded_lines": 0, "percent_statements_covered": 100.0, "percent_statements_covered_display": "100"}, "missing_lines": [], "excluded_lines": [], "functions": {"": {"executed_lines": [3, 4, 5, 7], "summary": {"covered_lines": 4, "num_statements": 4, "percent_covered": 100.0, "percent_covered_display": "100", "missing_lines": 0, "excluded_lines": 0, "percent_statements_covered": 100.0, "percent_statements_covered_display": "100"}, "missing_lines": [], "excluded_lines": [], "start_line": 1}}, "classes": {"": {"executed_lines": [3, 4, 5, 7], "summary": {"covered_lines": 4, "num_statements": 4, "percent_covered": 100.0, "percent_covered_display": "100", "missing_lines": 0, "excluded_lines": 0, "percent_statements_covered": 100.0, "percent_statements_covered_display": "100"}, "missing_lines": [], "excluded_lines": [], "start_line": 1}}}, "src/context_handover/measurement/drift.py": {"executed_lines": [1, 2, 3, 4, 6, 8, 9, 10, 11, 16, 17, 19, 20, 21, 24, 37, 51, 52, 53, 55, 57, 58, 59, 62, 63, 94, 98, 99, 100, 102, 103, 106, 107, 108, 111, 113, 118, 119, 121, 125, 127, 128, 129, 130, 131, 132, 133, 135, 211, 216, 217, 218, 219, 220, 221, 222, 224, 229, 230, 232, 233, 235, 236, 237, 240, 241, 243, 277, 278, 280, 283, 284, 286, 287, 288, 289, 295, 296, 297, 298, 304, 305, 310, 312, 313, 314, 315, 316, 317, 318, 319, 321, 322, 323, 325, 326, 327, 328, 329, 330], "summary": {"covered_lines": 100, "num_statements": 131, "percent_covered": 76.33587786259542, "percent_covered_display": "76", "missing_lines": 31, "excluded_lines": 0, "percent_statements_covered": 76.33587786259542, "percent_statements_covered_display": "76"}, "missing_lines": [12, 13, 14, 18, 95, 96, 168, 169, 170, 172, 173, 177, 180, 183, 184, 187, 188, 191, 192, 193, 196, 197, 199, 202, 203, 205, 209, 238, 301, 302, 324], "excluded_lines": [], "functions": {"DriftMeasurementSuite.__init__": {"executed_lines": [51, 52, 53], "summary": {"covered_lines": 3, "num_statements": 3, "percent_covered": 100.0, "percent_covered_display": "100", "missing_lines": 0, "excluded_lines": 0, "percent_statements_covered": 100.0, "percent_statements_covered_display": "100"}, "missing_lines": [], "excluded_lines": [], "start_line": 37}, "DriftMeasurementSuite._validate_weights": {"executed_lines": [57, 58, 59, 62], "summary": {"covered_lines": 4, "num_statements": 4, "percent_covered": 100.0, "percent_covered_display": "100", "missing_lines": 0, "excluded_lines": 0, "percent_statements_covered": 100.0, "percent_statements_covered_display": "100"}, "missing_lines": [], "excluded_lines": [], "start_line": 55}, "DriftMeasurementSuite.kl_structural": {"executed_lines": [94, 98, 99, 100, 102, 103, 106, 107, 108, 111, 113, 118, 119, 121, 125], "summary": {"covered_lines": 15, "num_statements": 17, "percent_covered": 88.23529411764706, "percent_covered_display": "88", "missing_lines": 2, "excluded_lines": 0, "percent_statements_covered": 88.23529411764706, "percent_statements_covered_display": "88"}, "missing_lines": [95, 96], "excluded_lines": [], "start_line": 63}, "DriftMeasurementSuite._build_type_distribution": {"executed_lines": [128, 129, 130, 131, 132, 133], "summary": {"covered_lines": 6, "num_statements": 6, "percent_covered": 100.0, "percent_covered_display": "100", "missing_lines": 0, "excluded_lines": 0, "percent_statements_covered": 100.0, "percent_statements_covered_display": "100"}, "missing_lines": [], "excluded_lines": [], "start_line": 127}, "DriftMeasurementSuite.kl_semantic": {"executed_lines": [], "summary": {"covered_lines": 0, "num_statements": 21, "percent_covered": 0.0, "percent_covered_display": "0", "missing_lines": 21, "excluded_lines": 0, "percent_statements_covered": 0.0, "percent_statements_covered_display": "0"}, "missing_lines": [168, 169, 170, 172, 173, 177, 180, 183, 184, 187, 188, 191, 192, 193, 196, 197, 199, 202, 203, 205, 209], "excluded_lines": [], "start_line": 135}, "DriftMeasurementSuite.jaccard": {"executed_lines": [216, 217, 218, 219, 220, 221, 222], "summary": {"covered_lines": 7, "num_statements": 7, "percent_covered": 100.0, "percent_covered_display": "100", "missing_lines": 0, "excluded_lines": 0, "percent_statements_covered": 100.0, "percent_statements_covered_display": "100"}, "missing_lines": [], "excluded_lines": [], "start_line": 211}, "DriftMeasurementSuite.cosine_drift": {"executed_lines": [229, 230, 232, 233, 235, 236, 237, 240, 241], "summary": {"covered_lines": 9, "num_statements": 10, "percent_covered": 90.0, "percent_covered_display": "90", "missing_lines": 1, "excluded_lines": 0, "percent_statements_covered": 90.0, "percent_statements_covered_display": "90"}, "missing_lines": [238], "excluded_lines": [], "start_line": 224}, "DriftMeasurementSuite.composite": {"executed_lines": [277, 278, 280, 283, 284, 286, 287, 288, 289, 295, 296, 297, 298, 304, 305, 310], "summary": {"covered_lines": 16, "num_statements": 18, "percent_covered": 88.88888888888889, "percent_covered_display": "89", "missing_lines": 2, "excluded_lines": 0, "percent_statements_covered": 88.88888888888889, "percent_statements_covered_display": "89"}, "missing_lines": [301, 302], "excluded_lines": [], "start_line": 243}, "DriftMeasurementSuite.verdict": {"executed_lines": [313, 314, 315, 316, 317, 318, 319], "summary": {"covered_lines": 7, "num_statements": 7, "percent_covered": 100.0, "percent_covered_display": "100", "missing_lines": 0, "excluded_lines": 0, "percent_statements_covered": 100.0, "percent_statements_covered_display": "100"}, "missing_lines": [], "excluded_lines": [], "start_line": 312}, "DriftMeasurementSuite._kl": {"executed_lines": [323, 325, 326, 327, 328, 329, 330], "summary": {"covered_lines": 7, "num_statements": 8, "percent_covered": 87.5, "percent_covered_display": "88", "missing_lines": 1, "excluded_lines": 0, "percent_statements_covered": 87.5, "percent_statements_covered_display": "88"}, "missing_lines": [324], "excluded_lines": [], "start_line": 322}, "": {"executed_lines": [1, 2, 3, 4, 6, 8, 9, 10, 11, 16, 17, 19, 20, 21, 24, 37, 55, 63, 127, 135, 211, 224, 243, 312, 321, 322], "summary": {"covered_lines": 26, "num_statements": 30, "percent_covered": 86.66666666666667, "percent_covered_display": "87", "missing_lines": 4, "excluded_lines": 0, "percent_statements_covered": 86.66666666666667, "percent_statements_covered_display": "87"}, "missing_lines": [12, 13, 14, 18], "excluded_lines": [], "start_line": 1}}, "classes": {"DriftMeasurementSuite": {"executed_lines": [51, 52, 53, 57, 58, 59, 62, 94, 98, 99, 100, 102, 103, 106, 107, 108, 111, 113, 118, 119, 121, 125, 128, 129, 130, 131, 132, 133, 216, 217, 218, 219, 220, 221, 222, 229, 230, 232, 233, 235, 236, 237, 240, 241, 277, 278, 280, 283, 284, 286, 287, 288, 289, 295, 296, 297, 298, 304, 305, 310, 313, 314, 315, 316, 317, 318, 319, 323, 325, 326, 327, 328, 329, 330], "summary": {"covered_lines": 74, "num_statements": 101, "percent_covered": 73.26732673267327, "percent_covered_display": "73", "missing_lines": 27, "excluded_lines": 0, "percent_statements_covered": 73.26732673267327, "percent_statements_covered_display": "73"}, "missing_lines": [95, 96, 168, 169, 170, 172, 173, 177, 180, 183, 184, 187, 188, 191, 192, 193, 196, 197, 199, 202, 203, 205, 209, 238, 301, 302, 324], "excluded_lines": [], "start_line": 24}, "": {"executed_lines": [1, 2, 3, 4, 6, 8, 9, 10, 11, 16, 17, 19, 20, 21, 24, 37, 55, 63, 127, 135, 211, 224, 243, 312, 321, 322], "summary": {"covered_lines": 26, "num_statements": 30, "percent_covered": 86.66666666666667, "percent_covered_display": "87", "missing_lines": 4, "excluded_lines": 0, "percent_statements_covered": 86.66666666666667, "percent_statements_covered_display": "87"}, "missing_lines": [12, 13, 14, 18], "excluded_lines": [], "start_line": 1}}}, "src/context_handover/measurement/ledger.py": {"executed_lines": [1, 2, 3, 4, 5, 6, 9, 10, 11, 12, 13, 14, 15, 16, 17, 20, 21, 24, 79, 105], "summary": {"covered_lines": 20, "num_statements": 58, "percent_covered": 34.48275862068966, "percent_covered_display": "34", "missing_lines": 38, "excluded_lines": 0, "percent_statements_covered": 34.48275862068966, "percent_statements_covered_display": "34"}, "missing_lines": [22, 32, 33, 34, 36, 37, 38, 39, 40, 41, 51, 52, 53, 54, 55, 56, 66, 67, 68, 69, 70, 72, 80, 81, 82, 84, 85, 87, 88, 89, 91, 92, 94, 106, 107, 108, 109, 110], "excluded_lines": [], "functions": {"LossLedger.__init__": {"executed_lines": [], "summary": {"covered_lines": 0, "num_statements": 1, "percent_covered": 0.0, "percent_covered_display": "0", "missing_lines": 1, "excluded_lines": 0, "percent_statements_covered": 0.0, "percent_statements_covered_display": "0"}, "missing_lines": [22], "excluded_lines": [], "start_line": 21}, "LossLedger.record_handover": {"executed_lines": [], "summary": {"covered_lines": 0, "num_statements": 21, "percent_covered": 0.0, "percent_covered_display": "0", "missing_lines": 21, "excluded_lines": 0, "percent_statements_covered": 0.0, "percent_statements_covered_display": "0"}, "missing_lines": [32, 33, 34, 36, 37, 38, 39, 40, 41, 51, 52, 53, 54, 55, 56, 66, 67, 68, 69, 70, 72], "excluded_lines": [], "start_line": 24}, "LossLedger.summary": {"executed_lines": [], "summary": {"covered_lines": 0, "num_statements": 11, "percent_covered": 0.0, "percent_covered_display": "0", "missing_lines": 11, "excluded_lines": 0, "percent_statements_covered": 0.0, "percent_statements_covered_display": "0"}, "missing_lines": [80, 81, 82, 84, 85, 87, 88, 89, 91, 92, 94], "excluded_lines": [], "start_line": 79}, "LossLedger.get_loss_rate": {"executed_lines": [], "summary": {"covered_lines": 0, "num_statements": 5, "percent_covered": 0.0, "percent_covered_display": "0", "missing_lines": 5, "excluded_lines": 0, "percent_statements_covered": 0.0, "percent_statements_covered_display": "0"}, "missing_lines": [106, 107, 108, 109, 110], "excluded_lines": [], "start_line": 105}, "": {"executed_lines": [1, 2, 3, 4, 5, 6, 9, 10, 11, 12, 13, 14, 15, 16, 17, 20, 21, 24, 79, 105], "summary": {"covered_lines": 20, "num_statements": 20, "percent_covered": 100.0, "percent_covered_display": "100", "missing_lines": 0, "excluded_lines": 0, "percent_statements_covered": 100.0, "percent_statements_covered_display": "100"}, "missing_lines": [], "excluded_lines": [], "start_line": 1}}, "classes": {"LossEvent": {"executed_lines": [], "summary": {"covered_lines": 0, "num_statements": 0, "percent_covered": 100.0, "percent_covered_display": "100", "missing_lines": 0, "excluded_lines": 0, "percent_statements_covered": 100.0, "percent_statements_covered_display": "100"}, "missing_lines": [], "excluded_lines": [], "start_line": 10}, "LossLedger": {"executed_lines": [], "summary": {"covered_lines": 0, "num_statements": 38, "percent_covered": 0.0, "percent_covered_display": "0", "missing_lines": 38, "excluded_lines": 0, "percent_statements_covered": 0.0, "percent_statements_covered_display": "0"}, "missing_lines": [22, 32, 33, 34, 36, 37, 38, 39, 40, 41, 51, 52, 53, 54, 55, 56, 66, 67, 68, 69, 70, 72, 80, 81, 82, 84, 85, 87, 88, 89, 91, 92, 94, 106, 107, 108, 109, 110], "excluded_lines": [], "start_line": 20}, "": {"executed_lines": [1, 2, 3, 4, 5, 6, 9, 10, 11, 12, 13, 14, 15, 16, 17, 20, 21, 24, 79, 105], "summary": {"covered_lines": 20, "num_statements": 20, "percent_covered": 100.0, "percent_covered_display": "100", "missing_lines": 0, "excluded_lines": 0, "percent_statements_covered": 100.0, "percent_statements_covered_display": "100"}, "missing_lines": [], "excluded_lines": [], "start_line": 1}}}, "src/context_handover/measurement/verification.py": {"executed_lines": [1, 2, 3, 4, 5, 6, 7, 10, 26, 27, 32, 71, 84, 91], "summary": {"covered_lines": 14, "num_statements": 53, "percent_covered": 26.41509433962264, "percent_covered_display": "26", "missing_lines": 39, "excluded_lines": 0, "percent_statements_covered": 26.41509433962264, "percent_statements_covered_display": "26"}, "missing_lines": [28, 29, 30, 33, 34, 35, 37, 38, 40, 41, 42, 43, 44, 45, 46, 47, 49, 51, 52, 53, 55, 56, 62, 72, 73, 79, 80, 81, 82, 85, 86, 87, 88, 89, 92, 93, 94, 95, 96], "excluded_lines": [], "functions": {"SelfReportVerifier.__init__": {"executed_lines": [], "summary": {"covered_lines": 0, "num_statements": 3, "percent_covered": 0.0, "percent_covered_display": "0", "missing_lines": 3, "excluded_lines": 0, "percent_statements_covered": 0.0, "percent_statements_covered_display": "0"}, "missing_lines": [28, 29, 30], "excluded_lines": [], "start_line": 27}, "SelfReportVerifier.verify": {"executed_lines": [], "summary": {"covered_lines": 0, "num_statements": 20, "percent_covered": 0.0, "percent_covered_display": "0", "missing_lines": 20, "excluded_lines": 0, "percent_statements_covered": 0.0, "percent_statements_covered_display": "0"}, "missing_lines": [33, 34, 35, 37, 38, 40, 41, 42, 43, 44, 45, 46, 47, 49, 51, 52, 53, 55, 56, 62], "excluded_lines": [], "start_line": 32}, "SelfReportVerifier._get_self_report": {"executed_lines": [], "summary": {"covered_lines": 0, "num_statements": 6, "percent_covered": 0.0, "percent_covered_display": "0", "missing_lines": 6, "excluded_lines": 0, "percent_statements_covered": 0.0, "percent_statements_covered_display": "0"}, "missing_lines": [72, 73, 79, 80, 81, 82], "excluded_lines": [], "start_line": 71}, "SelfReportVerifier._flatten_report": {"executed_lines": [], "summary": {"covered_lines": 0, "num_statements": 5, "percent_covered": 0.0, "percent_covered_display": "0", "missing_lines": 5, "excluded_lines": 0, "percent_statements_covered": 0.0, "percent_statements_covered_display": "0"}, "missing_lines": [85, 86, 87, 88, 89], "excluded_lines": [], "start_line": 84}, "SelfReportVerifier._group_by_type": {"executed_lines": [], "summary": {"covered_lines": 0, "num_statements": 5, "percent_covered": 0.0, "percent_covered_display": "0", "missing_lines": 5, "excluded_lines": 0, "percent_statements_covered": 0.0, "percent_statements_covered_display": "0"}, "missing_lines": [92, 93, 94, 95, 96], "excluded_lines": [], "start_line": 91}, "": {"executed_lines": [1, 2, 3, 4, 5, 6, 7, 10, 26, 27, 32, 71, 84, 91], "summary": {"covered_lines": 14, "num_statements": 14, "percent_covered": 100.0, "percent_covered_display": "100", "missing_lines": 0, "excluded_lines": 0, "percent_statements_covered": 100.0, "percent_statements_covered_display": "100"}, "missing_lines": [], "excluded_lines": [], "start_line": 1}}, "classes": {"SelfReportVerifier": {"executed_lines": [], "summary": {"covered_lines": 0, "num_statements": 39, "percent_covered": 0.0, "percent_covered_display": "0", "missing_lines": 39, "excluded_lines": 0, "percent_statements_covered": 0.0, "percent_statements_covered_display": "0"}, "missing_lines": [28, 29, 30, 33, 34, 35, 37, 38, 40, 41, 42, 43, 44, 45, 46, 47, 49, 51, 52, 53, 55, 56, 62, 72, 73, 79, 80, 81, 82, 85, 86, 87, 88, 89, 92, 93, 94, 95, 96], "excluded_lines": [], "start_line": 26}, "": {"executed_lines": [1, 2, 3, 4, 5, 6, 7, 10, 26, 27, 32, 71, 84, 91], "summary": {"covered_lines": 14, "num_statements": 14, "percent_covered": 100.0, "percent_covered_display": "100", "missing_lines": 0, "excluded_lines": 0, "percent_statements_covered": 100.0, "percent_statements_covered_display": "100"}, "missing_lines": [], "excluded_lines": [], "start_line": 1}}}, "src/context_handover/pipeline/__init__.py": {"executed_lines": [3, 4, 5, 21, 30], "summary": {"covered_lines": 5, "num_statements": 5, "percent_covered": 100.0, "percent_covered_display": "100", "missing_lines": 0, "excluded_lines": 0, "percent_statements_covered": 100.0, "percent_statements_covered_display": "100"}, "missing_lines": [], "excluded_lines": [], "functions": {"": {"executed_lines": [3, 4, 5, 21, 30], "summary": {"covered_lines": 5, "num_statements": 5, "percent_covered": 100.0, "percent_covered_display": "100", "missing_lines": 0, "excluded_lines": 0, "percent_statements_covered": 100.0, "percent_statements_covered_display": "100"}, "missing_lines": [], "excluded_lines": [], "start_line": 1}}, "classes": {"": {"executed_lines": [3, 4, 5, 21, 30], "summary": {"covered_lines": 5, "num_statements": 5, "percent_covered": 100.0, "percent_covered_display": "100", "missing_lines": 0, "excluded_lines": 0, "percent_statements_covered": 100.0, "percent_statements_covered_display": "100"}, "missing_lines": [], "excluded_lines": [], "start_line": 1}}}, "src/context_handover/pipeline/dlq.py": {"executed_lines": [9, 11, 12, 13, 14, 15, 16, 17, 18, 19, 21, 24, 26, 27, 28, 29, 30, 31, 34, 35, 51, 52, 53, 54, 55, 56, 57, 58, 59, 60, 62, 77, 78, 93, 97, 102, 105, 109, 113, 117, 121, 126, 129, 134, 147, 151, 159, 164, 169, 172, 178, 184, 192, 197, 210, 214, 226, 231, 236, 266, 278, 284, 295, 330, 334, 339, 344, 348, 352, 356, 410, 454, 478, 490], "summary": {"covered_lines": 74, "num_statements": 233, "percent_covered": 31.759656652360515, "percent_covered_display": "32", "missing_lines": 159, "excluded_lines": 0, "percent_statements_covered": 31.759656652360515, "percent_statements_covered_display": "32"}, "missing_lines": [64, 80, 95, 99, 107, 111, 115, 119, 123, 130, 131, 132, 135, 137, 138, 142, 144, 145, 148, 149, 152, 153, 154, 155, 156, 157, 160, 161, 162, 165, 166, 173, 174, 175, 176, 180, 181, 182, 186, 187, 188, 189, 190, 194, 195, 198, 199, 202, 203, 204, 206, 207, 208, 211, 212, 215, 216, 217, 218, 220, 221, 222, 223, 224, 227, 228, 229, 232, 233, 272, 273, 274, 275, 276, 280, 281, 282, 286, 287, 288, 289, 290, 291, 292, 293, 313, 315, 328, 332, 336, 337, 341, 342, 346, 350, 354, 373, 374, 376, 377, 378, 380, 382, 384, 386, 392, 394, 395, 396, 398, 400, 401, 404, 405, 406, 408, 425, 426, 427, 428, 430, 432, 433, 434, 438, 440, 441, 442, 444, 446, 448, 464, 465, 467, 468, 469, 470, 471, 473, 474, 476, 480, 481, 482, 483, 484, 485, 486, 487, 488, 492, 494, 495, 503, 504, 505, 506, 509, 511], "excluded_lines": [], "functions": {"DLQEntry.to_dict": {"executed_lines": [], "summary": {"covered_lines": 0, "num_statements": 1, "percent_covered": 0.0, "percent_covered_display": "0", "missing_lines": 1, "excluded_lines": 0, "percent_statements_covered": 0.0, "percent_statements_covered_display": "0"}, "missing_lines": [64], "excluded_lines": [], "start_line": 62}, "DLQEntry.from_dict": {"executed_lines": [], "summary": {"covered_lines": 0, "num_statements": 1, "percent_covered": 0.0, "percent_covered_display": "0", "missing_lines": 1, "excluded_lines": 0, "percent_statements_covered": 0.0, "percent_statements_covered_display": "0"}, "missing_lines": [80], "excluded_lines": [], "start_line": 78}, "DLQEntry.age": {"executed_lines": [], "summary": {"covered_lines": 0, "num_statements": 1, "percent_covered": 0.0, "percent_covered_display": "0", "missing_lines": 1, "excluded_lines": 0, "percent_statements_covered": 0.0, "percent_statements_covered_display": "0"}, "missing_lines": [95], "excluded_lines": [], "start_line": 93}, "DLQEntry.is_stale": {"executed_lines": [], "summary": {"covered_lines": 0, "num_statements": 1, "percent_covered": 0.0, "percent_covered_display": "0", "missing_lines": 1, "excluded_lines": 0, "percent_statements_covered": 0.0, "percent_statements_covered_display": "0"}, "missing_lines": [99], "excluded_lines": [], "start_line": 97}, "DLQStorage.add": {"executed_lines": [], "summary": {"covered_lines": 0, "num_statements": 1, "percent_covered": 0.0, "percent_covered_display": "0", "missing_lines": 1, "excluded_lines": 0, "percent_statements_covered": 0.0, "percent_statements_covered_display": "0"}, "missing_lines": [107], "excluded_lines": [], "start_line": 105}, "DLQStorage.get_all": {"executed_lines": [], "summary": {"covered_lines": 0, "num_statements": 1, "percent_covered": 0.0, "percent_covered_display": "0", "missing_lines": 1, "excluded_lines": 0, "percent_statements_covered": 0.0, "percent_statements_covered_display": "0"}, "missing_lines": [111], "excluded_lines": [], "start_line": 109}, "DLQStorage.remove": {"executed_lines": [], "summary": {"covered_lines": 0, "num_statements": 1, "percent_covered": 0.0, "percent_covered_display": "0", "missing_lines": 1, "excluded_lines": 0, "percent_statements_covered": 0.0, "percent_statements_covered_display": "0"}, "missing_lines": [115], "excluded_lines": [], "start_line": 113}, "DLQStorage.clear": {"executed_lines": [], "summary": {"covered_lines": 0, "num_statements": 1, "percent_covered": 0.0, "percent_covered_display": "0", "missing_lines": 1, "excluded_lines": 0, "percent_statements_covered": 0.0, "percent_statements_covered_display": "0"}, "missing_lines": [119], "excluded_lines": [], "start_line": 117}, "DLQStorage.count": {"executed_lines": [], "summary": {"covered_lines": 0, "num_statements": 1, "percent_covered": 0.0, "percent_covered_display": "0", "missing_lines": 1, "excluded_lines": 0, "percent_statements_covered": 0.0, "percent_statements_covered_display": "0"}, "missing_lines": [123], "excluded_lines": [], "start_line": 121}, "InMemoryDLQStorage.__init__": {"executed_lines": [], "summary": {"covered_lines": 0, "num_statements": 3, "percent_covered": 0.0, "percent_covered_display": "0", "missing_lines": 3, "excluded_lines": 0, "percent_statements_covered": 0.0, "percent_statements_covered_display": "0"}, "missing_lines": [130, 131, 132], "excluded_lines": [], "start_line": 129}, "InMemoryDLQStorage.add": {"executed_lines": [], "summary": {"covered_lines": 0, "num_statements": 6, "percent_covered": 0.0, "percent_covered_display": "0", "missing_lines": 6, "excluded_lines": 0, "percent_statements_covered": 0.0, "percent_statements_covered_display": "0"}, "missing_lines": [135, 137, 138, 142, 144, 145], "excluded_lines": [], "start_line": 134}, "InMemoryDLQStorage.get_all": {"executed_lines": [], "summary": {"covered_lines": 0, "num_statements": 2, "percent_covered": 0.0, "percent_covered_display": "0", "missing_lines": 2, "excluded_lines": 0, "percent_statements_covered": 0.0, "percent_statements_covered_display": "0"}, "missing_lines": [148, 149], "excluded_lines": [], "start_line": 147}, "InMemoryDLQStorage.remove": {"executed_lines": [], "summary": {"covered_lines": 0, "num_statements": 6, "percent_covered": 0.0, "percent_covered_display": "0", "missing_lines": 6, "excluded_lines": 0, "percent_statements_covered": 0.0, "percent_statements_covered_display": "0"}, "missing_lines": [152, 153, 154, 155, 156, 157], "excluded_lines": [], "start_line": 151}, "InMemoryDLQStorage.clear": {"executed_lines": [], "summary": {"covered_lines": 0, "num_statements": 3, "percent_covered": 0.0, "percent_covered_display": "0", "missing_lines": 3, "excluded_lines": 0, "percent_statements_covered": 0.0, "percent_statements_covered_display": "0"}, "missing_lines": [160, 161, 162], "excluded_lines": [], "start_line": 159}, "InMemoryDLQStorage.count": {"executed_lines": [], "summary": {"covered_lines": 0, "num_statements": 2, "percent_covered": 0.0, "percent_covered_display": "0", "missing_lines": 2, "excluded_lines": 0, "percent_statements_covered": 0.0, "percent_statements_covered_display": "0"}, "missing_lines": [165, 166], "excluded_lines": [], "start_line": 164}, "FileDLQStorage.__init__": {"executed_lines": [], "summary": {"covered_lines": 0, "num_statements": 4, "percent_covered": 0.0, "percent_covered_display": "0", "missing_lines": 4, "excluded_lines": 0, "percent_statements_covered": 0.0, "percent_statements_covered_display": "0"}, "missing_lines": [173, 174, 175, 176], "excluded_lines": [], "start_line": 172}, "FileDLQStorage._ensure_file_exists": {"executed_lines": [], "summary": {"covered_lines": 0, "num_statements": 3, "percent_covered": 0.0, "percent_covered_display": "0", "missing_lines": 3, "excluded_lines": 0, "percent_statements_covered": 0.0, "percent_statements_covered_display": "0"}, "missing_lines": [180, 181, 182], "excluded_lines": [], "start_line": 178}, "FileDLQStorage._read_entries": {"executed_lines": [], "summary": {"covered_lines": 0, "num_statements": 5, "percent_covered": 0.0, "percent_covered_display": "0", "missing_lines": 5, "excluded_lines": 0, "percent_statements_covered": 0.0, "percent_statements_covered_display": "0"}, "missing_lines": [186, 187, 188, 189, 190], "excluded_lines": [], "start_line": 184}, "FileDLQStorage._write_entries": {"executed_lines": [], "summary": {"covered_lines": 0, "num_statements": 2, "percent_covered": 0.0, "percent_covered_display": "0", "missing_lines": 2, "excluded_lines": 0, "percent_statements_covered": 0.0, "percent_statements_covered_display": "0"}, "missing_lines": [194, 195], "excluded_lines": [], "start_line": 192}, "FileDLQStorage.add": {"executed_lines": [], "summary": {"covered_lines": 0, "num_statements": 8, "percent_covered": 0.0, "percent_covered_display": "0", "missing_lines": 8, "excluded_lines": 0, "percent_statements_covered": 0.0, "per
[...]
, 3, 4, 5, 6, 7, 8, 9, 10, 11, 12, 13, 14, 15, 18, 19, 20, 21, 22, 23, 24, 25, 28, 29, 56, 63, 94, 114, 123, 150, 156, 172], "summary": {"covered_lines": 33, "num_statements": 95, "percent_covered": 34.73684210526316, "percent_covered_display": "35", "missing_lines": 62, "excluded_lines": 0, "percent_statements_covered": 34.73684210526316, "percent_statements_covered_display": "35"}, "missing_lines": [38, 39, 40, 42, 43, 44, 45, 46, 47, 49, 50, 52, 53, 54, 57, 58, 64, 69, 70, 71, 72, 74, 75, 77, 78, 85, 89, 95, 96, 97, 99, 106, 107, 111, 112, 115, 116, 118, 119, 121, 124, 125, 126, 128, 136, 137, 138, 140, 141, 143, 151, 152, 153, 154, 163, 164, 173, 174, 175, 176, 177, 179], "excluded_lines": [], "functions": {"ContextManager.__init__": {"executed_lines": [], "summary": {"covered_lines": 0, "num_statements": 14, "percent_covered": 0.0, "percent_covered_display": "0", "missing_lines": 14, "excluded_lines": 0, "percent_statements_covered": 0.0, "percent_statements_covered_display": "0"}, "missing_lines": [38, 39, 40, 42, 43, 44, 45, 46, 47, 49, 50, 52, 53, 54], "excluded_lines": [], "start_line": 29}, "ContextManager._create_session": {"executed_lines": [], "summary": {"covered_lines": 0, "num_statements": 2, "percent_covered": 0.0, "percent_covered_display": "0", "missing_lines": 2, "excluded_lines": 0, "percent_statements_covered": 0.0, "percent_statements_covered_display": "0"}, "missing_lines": [57, 58], "excluded_lines": [], "start_line": 56}, "ContextManager.add_message": {"executed_lines": [], "summary": {"covered_lines": 0, "num_statements": 11, "percent_covered": 0.0, "percent_covered_display": "0", "missing_lines": 11, "excluded_lines": 0, "percent_statements_covered": 0.0, "percent_statements_covered_display": "0"}, "missing_lines": [64, 69, 70, 71, 72, 74, 75, 77, 78, 85, 89], "excluded_lines": [], "start_line": 63}, "ContextManager.create_checkpoint": {"executed_lines": [], "summary": {"covered_lines": 0, "num_statements": 8, "percent_covered": 0.0, "percent_covered_display": "0", "missing_lines": 8, "excluded_lines": 0, "percent_statements_covered": 0.0, "percent_statements_covered_display": "0"}, "missing_lines": [95, 96, 97, 99, 106, 107, 111, 112], "excluded_lines": [], "start_line": 94}, "ContextManager.handover_to_new_session": {"executed_lines": [], "summary": {"covered_lines": 0, "num_statements": 5, "percent_covered": 0.0, "percent_covered_display": "0", "missing_lines": 5, "excluded_lines": 0, "percent_statements_covered": 0.0, "percent_statements_covered_display": "0"}, "missing_lines": [115, 116, 118, 119, 121], "excluded_lines": [], "start_line": 114}, "ContextManager.compute_drift": {"executed_lines": [], "summary": {"covered_lines": 0, "num_statements": 10, "percent_covered": 0.0, "percent_covered_display": "0", "missing_lines": 10, "excluded_lines": 0, "percent_statements_covered": 0.0, "percent_statements_covered_display": "0"}, "missing_lines": [124, 125, 126, 128, 136, 137, 138, 140, 141, 143], "excluded_lines": [], "start_line": 123}, "ContextManager.build_handover_package": {"executed_lines": [], "summary": {"covered_lines": 0, "num_statements": 4, "percent_covered": 0.0, "percent_covered_display": "0", "missing_lines": 4, "excluded_lines": 0, "percent_statements_covered": 0.0, "percent_statements_covered_display": "0"}, "missing_lines": [151, 152, 153, 154], "excluded_lines": [], "start_line": 150}, "ContextManager.record_handover_loss": {"executed_lines": [], "summary": {"covered_lines": 0, "num_statements": 2, "percent_covered": 0.0, "percent_covered_display": "0", "missing_lines": 2, "excluded_lines": 0, "percent_statements_covered": 0.0, "percent_statements_covered_display": "0"}, "missing_lines": [163, 164], "excluded_lines": [], "start_line": 156}, "ContextManager.get_context_summary": {"executed_lines": [], "summary": {"covered_lines": 0, "num_statements": 6, "percent_covered": 0.0, "percent_covered_display": "0", "missing_lines": 6, "excluded_lines": 0, "percent_statements_covered": 0.0, "percent_statements_covered_display": "0"}, "missing_lines": [173, 174, 175, 176, 177, 179], "excluded_lines": [], "start_line": 172}, "": {"executed_lines": [1, 2, 3, 4, 5, 6, 7, 8, 9, 10, 11, 12, 13, 14, 15, 18, 19, 20, 21, 22, 23, 24, 25, 28, 29, 56, 63, 94, 114, 123, 150, 156, 172], "summary": {"covered_lines": 33, "num_statements": 33, "percent_covered": 100.0, "percent_covered_display": "100", "missing_lines": 0, "excluded_lines": 0, "percent_statements_covered": 100.0, "percent_statements_covered_display": "100"}, "missing_lines": [], "excluded_lines": [], "start_line": 1}}, "classes": {"Session": {"executed_lines": [], "summary": {"covered_lines": 0, "num_statements": 0, "percent_covered": 100.0, "percent_covered_display": "100", "missing_lines": 0, "excluded_lines": 0, "percent_statements_covered": 100.0, "percent_statements_covered_display": "100"}, "missing_lines": [], "excluded_lines": [], "start_line": 19}, "ContextManager": {"executed_lines": [], "summary": {"covered_lines": 0, "num_statements": 62, "percent_covered": 0.0, "percent_covered_display": "0", "missing_lines": 62, "excluded_lines": 0, "percent_statements_covered": 0.0, "percent_statements_covered_display": "0"}, "missing_lines": [38, 39, 40, 42, 43, 44, 45, 46, 47, 49, 50, 52, 53, 54, 57, 58, 64, 69, 70, 71, 72, 74, 75, 77, 78, 85, 89, 95, 96, 97, 99, 106, 107, 111, 112, 115, 116, 118, 119, 121, 124, 125, 126, 128, 136, 137, 138, 140, 141, 143, 151, 152, 153, 154, 163, 164, 173, 174, 175, 176, 177, 179], "excluded_lines": [], "start_line": 28}, "": {"executed_lines": [1, 2, 3, 4, 5, 6, 7, 8, 9, 10, 11, 12, 13, 14, 15, 18, 19, 20, 21, 22, 23, 24, 25, 28, 29, 56, 63, 94, 114, 123, 150, 156, 172], "summary": {"covered_lines": 33, "num_statements": 33, "percent_covered": 100.0, "percent_covered_display": "100", "missing_lines": 0, "excluded_lines": 0, "percent_statements_covered": 100.0, "percent_statements_covered_display": "100"}, "missing_lines": [], "excluded_lines": [], "start_line": 1}}}, "src/context_handover/storage/__init__.py": {"executed_lines": [], "summary": {"covered_lines": 0, "num_statements": 2, "percent_covered": 0.0, "percent_covered_display": "0", "missing_lines": 2, "excluded_lines": 0, "percent_statements_covered": 0.0, "percent_statements_covered_display": "0"}, "missing_lines": [2, 10], "excluded_lines": [], "functions": {"": {"executed_lines": [], "summary": {"covered_lines": 0, "num_statements": 2, "percent_covered": 0.0, "percent_covered_display": "0", "missing_lines": 2, "excluded_lines": 0, "percent_statements_covered": 0.0, "percent_statements_covered_display": "0"}, "missing_lines": [2, 10], "excluded_lines": [], "start_line": 1}}, "classes": {"": {"executed_lines": [], "summary": {"covered_lines": 0, "num_statements": 2, "percent_covered": 0.0, "percent_covered_display": "0", "missing_lines": 2, "excluded_lines": 0, "percent_statements_covered": 0.0, "percent_statements_covered_display": "0"}, "missing_lines": [2, 10], "excluded_lines": [], "start_line": 1}}}, "src/context_handover/storage/vector_store.py": {"executed_lines": [], "summary": {"covered_lines": 0, "num_statements": 146, "percent_covered": 0.0, "percent_covered_display": "0", "missing_lines": 146, "excluded_lines": 11, "percent_statements_covered": 0.0, "percent_statements_covered_display": "0"}, "missing_lines": [9, 10, 11, 12, 13, 14, 16, 19, 20, 23, 27, 36, 40, 44, 49, 59, 65, 66, 67, 69, 70, 72, 74, 79, 81, 82, 86, 93, 94, 97, 102, 108, 110, 117, 119, 126, 127, 130, 131, 132, 140, 142, 144, 145, 146, 148, 150, 152, 154, 155, 159, 162, 173, 180, 181, 182, 184, 185, 186, 187, 189, 191, 194, 195, 196, 203, 205, 207, 208, 212, 219, 221, 222, 224, 225, 227, 229, 237, 242, 244, 251, 253, 254, 255, 259, 261, 268, 269, 270, 278, 280, 282, 284, 285, 288, 293, 298, 300, 302, 304, 307, 309, 311, 315, 318, 326, 327, 328, 329, 331, 338, 339, 340, 342, 349, 350, 352, 353, 355, 356, 358, 359, 360, 361, 363, 364, 365, 368, 371, 372, 373, 381, 383, 385, 386, 387, 389, 391, 393, 395, 396, 399, 413, 419, 420, 425], "excluded_lines": [25, 26, 34, 35, 38, 39, 42, 43, 46, 47, 48], "functions": {"VectorStoreBackend.add": {"executed_lines": [], "summary": {"covered_lines": 0, "num_statements": 0, "percent_covered": 100.0, "percent_covered_display": "100", "missing_lines": 0, "excluded_lines": 1, "percent_statements_covered": 100.0, "percent_statements_covered_display": "100"}, "missing_lines": [], "excluded_lines": [25], "start_line": 23}, "VectorStoreBackend.query": {"executed_lines": [], "summary": {"covered_lines": 0, "num_statements": 0, "percent_covered": 100.0, "percent_covered_display": "100", "missing_lines": 0, "excluded_lines": 1, "percent_statements_covered": 100.0, "percent_statements_covered_display": "100"}, "missing_lines": [], "excluded_lines": [34], "start_line": 27}, "VectorStoreBackend.delete": {"executed_lines": [], "summary": {"covered_lines": 0, "num_statements": 0, "percent_covered": 100.0, "percent_covered_display": "100", "missing_lines": 0, "excluded_lines": 1, "percent_statements_covered": 100.0, "percent_statements_covered_display": "100"}, "missing_lines": [], "excluded_lines": [38], "start_line": 36}, "VectorStoreBackend.count": {"executed_lines": [], "summary": {"covered_lines": 0, "num_statements": 0, "percent_covered": 100.0, "percent_covered_display": "100", "missing_lines": 0, "excluded_lines": 1, "percent_statements_covered": 100.0, "percent_statements_covered_display": "100"}, "missing_lines": [], "excluded_lines": [42], "start_line": 40}, "VectorStoreBackend.clear": {"executed_lines": [], "summary": {"covered_lines": 0, "num_statements": 0, "percent_covered": 100.0, "percent_covered_display": "100", "missing_lines": 0, "excluded_lines": 1, "percent_statements_covered": 100.0, "percent_statements_covered_display": "100"}, "missing_lines": [], "excluded_lines": [46], "start_line": 44}, "ChromaBackend.__init__": {"executed_lines": [], "summary": {"covered_lines": 0, "num_statements": 10, "percent_covered": 0.0, "percent_covered_display": "0", "missing_lines": 10, "excluded_lines": 0, "percent_statements_covered": 0.0, "percent_statements_covered_display": "0"}, "missing_lines": [65, 66, 67, 69, 70, 72, 74, 79, 81, 82], "excluded_lines": [], "start_line": 59}, "ChromaBackend.add": {"executed_lines": [], "summary": {"covered_lines": 0, "num_statements": 5, "percent_covered": 0.0, "percent_covered_display": "0", "missing_lines": 5, "excluded_lines": 0, "percent_statements_covered": 0.0, "percent_statements_covered_display": "0"}, "missing_lines": [93, 94, 97, 102, 108], "excluded_lines": [], "start_line": 86}, "ChromaBackend.query": {"executed_lines": [], "summary": {"covered_lines": 0, "num_statements": 8, "percent_covered": 0.0, "percent_covered_display": "0", "missing_lines": 8, "excluded_lines": 0, "percent_statements_covered": 0.0, "percent_statements_covered_display": "0"}, "missing_lines": [117, 119, 126, 127, 130, 131, 132, 140], "excluded_lines": [], "start_line": 110}, "ChromaBackend.delete": {"executed_lines": [], "summary": {"covered_lines": 0, "num_statements": 3, "percent_covered": 0.0, "percent_covered_display": "0", "missing_lines": 3, "excluded_lines": 0, "percent_statements_covered": 0.0, "percent_statements_covered_display": "0"}, "missing_lines": [144, 145, 146], "excluded_lines": [], "start_line": 142}, "ChromaBackend.count": {"executed_lines": [], "summary": {"covered_lines": 0, "num_statements": 1, "percent_covered": 0.0, "percent_covered_display": "0", "missing_lines": 1, "excluded_lines": 0, "percent_statements_covered": 0.0, "percent_statements_covered_display": "0"}, "missing_lines": [150], "excluded_lines": [], "start_line": 148}, "ChromaBackend.clear": {"executed_lines": [], "summary": {"covered_lines": 0, "num_statements": 3, "percent_covered": 0.0, "percent_covered_display": "0", "missing_lines": 3, "excluded_lines": 0, "percent_statements_covered": 0.0, "percent_statements_covered_display": "0"}, "missing_lines": [154, 155, 159], "excluded_lines": [], "start_line": 152}, "QdrantBackend.__init__": {"executed_lines": [], "summary": {"covered_lines": 0, "num_statements": 16, "percent_covered": 0.0, "percent_covered_display": "0", "missing_lines": 16, "excluded_lines": 0, "percent_statements_covered": 0.0, "percent_statements_covered_display": "0"}, "missing_lines": [180, 181, 182, 184, 185, 186, 187, 189, 191, 194, 195, 196, 203, 205, 207, 208], "excluded_lines": [], "start_line": 173}, "QdrantBackend.add": {"executed_lines": [], "summary": {"covered_lines": 0, "num_statements": 9, "percent_covered": 0.0, "percent_covered_display": "0", "missing_lines": 9, "excluded_lines": 0, "percent_statements_covered": 0.0, "percent_statements_covered_display": "0"}, "missing_lines": [219, 221, 222, 224, 225, 227, 229, 237, 242], "excluded_lines": [], "start_line": 212}, "QdrantBackend.query": {"executed_lines": [], "summary": {"covered_lines": 0, "num_statements": 10, "percent_covered": 0.0, "percent_covered_display": "0", "missing_lines": 10, "excluded_lines": 0, "percent_statements_covered": 0.0, "percent_statements_covered_display": "0"}, "missing_lines": [251, 253, 254, 255, 259, 261, 268, 269, 270, 278], "excluded_lines": [], "start_line": 244}, "QdrantBackend.delete": {"executed_lines": [], "summary": {"covered_lines": 0, "num_statements": 6, "percent_covered": 0.0, "percent_covered_display": "0", "missing_lines": 6, "excluded_lines": 0, "percent_statements_covered": 0.0, "percent_statements_covered_display": "0"}, "missing_lines": [282, 284, 285, 288, 293, 298], "excluded_lines": [], "start_line": 280}, "QdrantBackend.count": {"executed_lines": [], "summary": {"covered_lines": 0, "num_statements": 3, "percent_covered": 0.0, "percent_covered_display": "0", "missing_lines": 3, "excluded_lines": 0, "percent_statements_covered": 0.0, "percent_statements_covered_display": "0"}, "missing_lines": [302, 304, 307], "excluded_lines": [], "start_line": 300}, "QdrantBackend.clear": {"executed_lines": [], "summary": {"covered_lines": 0, "num_statements": 2, "percent_covered": 0.0, "percent_covered_display": "0", "missing_lines": 2, "excluded_lines": 0, "percent_statements_covered": 0.0, "percent_statements_covered_display": "0"}, "missing_lines": [311, 315], "excluded_lines": [], "start_line": 309}, "InMemoryBackend.__init__": {"executed_lines": [], "summary": {"covered_lines": 0, "num_statements": 3, "percent_covered": 0.0, "percent_covered_display": "0", "missing_lines": 3, "excluded_lines": 0, "percent_statements_covered": 0.0, "percent_statements_covered_display": "0"}, "missing_lines": [327, 328, 329], "excluded_lines": [], "start_line": 326}, "InMemoryBackend.add": {"executed_lines": [], "summary": {"covered_lines": 0, "num_statements": 3, "percent_covered": 0.0, "percent_covered_display": "0", "missing_lines": 3, "excluded_lines": 0, "percent_statements_covered": 0.0, "percent_statements_covered_display": "0"}, "missing_lines": [338, 339, 340], "excluded_lines": [], "start_line": 331}, "InMemoryBackend.query": {"executed_lines": [], "summary": {"covered_lines": 0, "num_statements": 18, "percent_covered": 0.0, "percent_covered_display": "0", "missing_lines": 18, "excluded_lines": 0, "percent_statements_covered": 0.0, "percent_statements_covered_display": "0"}, "missing_lines": [349, 350, 352, 353, 355, 356, 358, 359, 360, 361, 363, 364, 365, 368, 371, 372, 373, 381], "excluded_lines": [], "start_line": 342}, "InMemoryBackend.delete": {"executed_lines": [], "summary": {"covered_lines": 0, "num_statements": 3, "percent_covered": 0.0, "percent_covered_display": "0", "missing_lines": 3, "excluded_lines": 0, "percent_statements_covered": 0.0, "percent_statements_covered_display": "0"}, "missing_lines": [385, 386, 387], "excluded_lines": [], "start_line": 383}, "InMemoryBackend.count": {"executed_lines": [], "summary": {"covered_lines": 0, "num_statements": 1, "percent_covered": 0.0, "percent_covered_display": "0", "missing_lines": 1, "excluded_lines": 0, "percent_statements_covered": 0.0, "percent_statements_covered_display": "0"}, "missing_lines": [391], "excluded_lines": [], "start_line": 389}, "InMemoryBackend.clear": {"executed_lines": [], "summary": {"covered_lines": 0, "num_statements": 2, "percent_covered": 0.0, "percent_covered_display": "0", "missing_lines": 2, "excluded_lines": 0, "percent_statements_covered": 0.0, "percent_statements_covered_display": "0"}, "missing_lines": [395, 396], "excluded_lines": [], "start_line": 393}, "create_backend": {"executed_lines": [], "summary": {"covered_lines": 0, "num_statements": 4, "percent_covered": 0.0, "percent_covered_display": "0", "missing_lines": 4, "excluded_lines": 0, "percent_statements_covered": 0.0, "percent_statements_covered_display": "0"}, "missing_lines": [413, 419, 420, 425], "excluded_lines": [], "start_line": 399}, "": {"executed_lines": [], "summary": {"covered_lines": 0, "num_statements": 36, "percent_covered": 0.0, "percent_covered_display": "0", "missing_lines": 36, "excluded_lines": 6, "percent_statements_covered": 0.0, "percent_statements_covered_display": "0"}, "missing_lines": [9, 10, 11, 12, 13, 14, 16, 19, 20, 23, 27, 36, 40, 44, 49, 59, 86, 110, 142, 148, 152, 162, 173, 212, 244, 280, 300, 309, 318, 326, 331, 342, 383, 389, 393, 399], "excluded_lines": [26, 35, 39, 43, 47, 48], "start_line": 1}}, "classes": {"VectorStoreBackend": {"executed_lines": [], "summary": {"covered_lines": 0, "num_statements": 0, "percent_covered": 100.0, "percent_covered_display": "100", "missing_lines": 0, "excluded_lines": 5, "percent_statements_covered": 100.0, "percent_statements_covered_display": "100"}, "missing_lines": [], "excluded_lines": [25, 34, 38, 42, 46], "start_line": 20}, "ChromaBackend": {"executed_lines": [], "summary": {"covered_lines": 0, "num_statements": 30, "percent_covered": 0.0, "percent_covered_display": "0", "missing_lines": 30, "excluded_lines": 0, "percent_statements_covered": 0.0, "percent_statements_covered_display": "0"}, "missing_lines": [65, 66, 67, 69, 70, 72, 74, 79, 81, 82, 93, 94, 97, 102, 108, 117, 119, 126, 127, 130, 131, 132, 140, 144, 145, 146, 150, 154, 155, 159], "excluded_lines": [], "start_line": 49}, "QdrantBackend": {"executed_lines": [], "summary": {"covered_lines": 0, "num_statements": 46, "percent_covered": 0.0, "percent_covered_display": "0", "missing_lines": 46, "excluded_lines": 0, "percent_statements_covered": 0.0, "percent_statements_covered_display": "0"}, "missing_lines": [180, 181, 182, 184, 185, 186, 187, 189, 191, 194, 195, 196, 203, 205, 207, 208, 219, 221, 222, 224, 225, 227, 229, 237, 242, 251, 253, 254, 255, 259, 261, 268, 269, 270, 278, 282, 284, 285, 288, 293, 298, 302, 304, 307, 311, 315], "excluded_lines": [], "start_line": 162}, "InMemoryBackend": {"executed_lines": [], "summary": {"covered_lines": 0, "num_statements": 30, "percent_covered": 0.0, "percent_covered_display": "0", "missing_lines": 30, "excluded_lines": 0, "percent_statements_covered": 0.0, "percent_statements_covered_display": "0"}, "missing_lines": [327, 328, 329, 338, 339, 340, 349, 350, 352, 353, 355, 356, 358, 359, 360, 361, 363, 364, 365, 368, 371, 372, 373, 381, 385, 386, 387, 391, 395, 396], "excluded_lines": [], "start_line": 318}, "": {"executed_lines": [], "summary": {"covered_lines": 0, "num_statements": 40, "percent_covered": 0.0, "percent_covered_display": "0", "missing_lines": 40, "excluded_lines": 6, "percent_statements_covered": 0.0, "percent_statements_covered_display": "0"}, "missing_lines": [9, 10, 11, 12, 13, 14, 16, 19, 20, 23, 27, 36, 40, 44, 49, 59, 86, 110, 142, 148, 152, 162, 173, 212, 244, 280, 300, 309, 318, 326, 331, 342, 383, 389, 393, 399, 413, 419, 420, 425], "excluded_lines": [26, 35, 39, 43, 47, 48], "start_line": 1}}}}, "totals": {"covered_lines": 795, "num_statements": 1841, "percent_covered": 43.18305268875611, "percent_covered_display": "43", "missing_lines": 1046, "excluded_lines": 11, "percent_statements_covered": 43.18305268875611, "percent_statements_covered_display": "43"}}